\BOOKMARK [0][]{Contents.0}{\376\377\000\315\000n\000d\000i\000c\000e\000\040\000g\000e\000n\000e\000r\000a\000l}{}% 1
\BOOKMARK [0][]{chapter*.3}{\376\377\000\315\000n\000d\000i\000c\000e\000\040\000d\000e\000\040\000f\000i\000g\000u\000r\000a\000s}{}% 2
\BOOKMARK [0][]{chapter*.4}{\376\377\000\315\000n\000d\000i\000c\000e\000\040\000d\000e\000\040\000t\000a\000b\000l\000a\000s}{}% 3
\BOOKMARK [0][]{chapter.1}{\376\377\0001\000\040\000I\000n\000t\000r\000o\000d\000u\000c\000c\000i\000\363\000n}{}% 4
\BOOKMARK [1][]{section.1.1}{\376\377\0001\000.\0001\000\040\000S\000i\000l\000e\000n\000c\000i\000a\000m\000i\000e\000n\000t\000o\000\040\000g\000\351\000n\000i\000c\000o\000\040\000y\000\040\000A\000R\000N\000\040\000p\000e\000q\000u\000e\000\361\000o\000s}{chapter.1}% 5
\BOOKMARK [2][]{subsection.1.1.1}{\376\377\0001\000.\0001\000.\0001\000\040\000V\000a\000r\000i\000e\000d\000a\000d\000e\000s\000\040\000d\000e\000\040\000A\000R\000N\000\040\000p\000e\000q\000u\000e\000\361\000o\000s\000\040\000e\000n\000\040\000p\000l\000a\000n\000t\000a\000s}{section.1.1}% 6
\BOOKMARK [1][]{section.1.2}{\376\377\0001\000.\0002\000\040\000m\000i\000A\000R\000N\000s\000\040\000e\000n\000\040\000p\000l\000a\000n\000t\000a\000s}{chapter.1}% 7
\BOOKMARK [1][]{section.1.3}{\376\377\0001\000.\0003\000\040\000B\000i\000o\000g\000\351\000n\000e\000s\000i\000s\000\040\000d\000e\000\040\000m\000i\000A\000R\000N\000s}{chapter.1}% 8
\BOOKMARK [1][]{section.1.4}{\376\377\0001\000.\0004\000\040\000R\000e\000g\000u\000l\000a\000c\000i\000\363\000n\000\040\000d\000e\000\040\000l\000a\000\040\000e\000x\000p\000r\000e\000s\000i\000\363\000n\000\040\000g\000\351\000n\000i\000c\000a\000\040\000p\000o\000r\000\040\000m\000i\000A\000R\000N\000s}{chapter.1}% 9
\BOOKMARK [2][]{subsection.1.4.1}{\376\377\0001\000.\0004\000.\0001\000\040\000R\000e\000g\000u\000l\000a\000c\000i\000\363\000n\000\040\000p\000o\000r\000\040\000c\000o\000r\000t\000e\000\040\000d\000e\000l\000\040\000A\000R\000N\000\040\000b\000l\000a\000n\000c\000o}{section.1.4}% 10
\BOOKMARK [2][]{subsection.1.4.2}{\376\377\0001\000.\0004\000.\0002\000\040\000R\000e\000g\000u\000l\000a\000c\000i\000\363\000n\000\040\000d\000e\000\040\000l\000a\000\040\000t\000r\000a\000d\000u\000c\000c\000i\000\363\000n\000\040\000p\000o\000r\000\040\000m\000i\000A\000R\000N\000s}{section.1.4}% 11
\BOOKMARK [2][]{subsection.1.4.3}{\376\377\0001\000.\0004\000.\0003\000\040\000G\000e\000n\000e\000r\000a\000c\000i\000\363\000n\000\040\000d\000e\000\040\000t\000a\000-\000s\000i\000R\000N\000A\000s\000\040\000y\000\040\000s\000i\000R\000N\000A\000s\000\040\000s\000e\000c\000u\000n\000d\000a\000r\000i\000o\000s}{section.1.4}% 12
\BOOKMARK [1][]{section.1.5}{\376\377\0001\000.\0005\000\040\000P\000r\000o\000c\000e\000s\000o\000s\000\040\000b\000i\000o\000l\000\363\000g\000i\000c\000o\000s\000\040\000r\000e\000g\000u\000l\000a\000d\000o\000s\000\040\000p\000o\000r\000\040\000m\000i\000A\000R\000N\000s\000\040\000e\000n\000\040\000p\000l\000a\000n\000t\000a\000s}{chapter.1}% 13
\BOOKMARK [1][]{section.1.6}{\376\377\0001\000.\0006\000\040\000P\000r\000e\000d\000i\000c\000c\000i\000\363\000n\000\040\000d\000e\000\040\000g\000e\000n\000e\000s\000\040\000b\000l\000a\000n\000c\000o\000\040\000d\000e\000\040\000m\000i\000A\000R\000N\000s}{chapter.1}% 14
\BOOKMARK [2][]{subsection.1.6.1}{\376\377\0001\000.\0006\000.\0001\000\040\000A\000l\000g\000o\000r\000i\000t\000m\000o\000s}{section.1.6}% 15
\BOOKMARK [0][]{chapter.2}{\376\377\0002\000\040\000O\000b\000j\000e\000t\000i\000v\000o\000s}{}% 16
\BOOKMARK [1][]{section.2.1}{\376\377\0002\000.\0001\000\040\000O\000b\000j\000e\000t\000i\000v\000o\000\040\000g\000e\000n\000e\000r\000a\000l}{chapter.2}% 17
\BOOKMARK [1][]{section.2.2}{\376\377\0002\000.\0002\000\040\000O\000b\000j\000e\000t\000i\000v\000o\000s\000\040\000e\000s\000p\000e\000c\000\355\000f\000i\000c\000o\000s}{chapter.2}% 18
\BOOKMARK [0][]{chapter.3}{\376\377\0003\000\040\000M\000\351\000t\000o\000d\000o\000s}{}% 19
\BOOKMARK [1][]{section.3.1}{\376\377\0003\000.\0001\000\040\000P\000r\000e\000d\000i\000c\000c\000i\000\363\000n\000\040\000d\000e\000\040\000g\000e\000n\000e\000s\000\040\000r\000e\000g\000u\000l\000a\000d\000o\000s\000\040\000p\000o\000r\000\040\000m\000i\000A\000R\000N\000s\000\040\000e\000n\000\040\000p\000l\000a\000n\000t\000a\000s}{chapter.3}% 20
\BOOKMARK [2][]{subsection.3.1.1}{\376\377\0003\000.\0001\000.\0001\000\040\000M\000i\000A\000R\000N\000\040\000c\000o\000n\000s\000e\000n\000s\000o\000s}{section.3.1}% 21
\BOOKMARK [2][]{subsection.3.1.2}{\376\377\0003\000.\0001\000.\0002\000\040\000P\000r\000e\000d\000i\000c\000c\000i\000\363\000n\000\040\000d\000e\000\040\000g\000e\000n\000e\000s\000\040\000r\000e\000g\000u\000l\000a\000d\000o\000s\000\040\000p\000o\000r\000\040\000m\000i\000A\000R\000N\000s}{section.3.1}% 22
\BOOKMARK [1][]{section.3.2}{\376\377\0003\000.\0002\000\040\000c\000o\000m\000T\000A\000R\000:\000\040\000u\000n\000a\000\040\000h\000e\000r\000r\000a\000m\000i\000e\000n\000t\000a\000\040\000p\000a\000r\000a\000\040\000l\000a\000\040\000p\000r\000e\000d\000i\000c\000c\000i\000\363\000n\000\040\000d\000e\000\040\000g\000e\000n\000e\000s\000\040\000b\000l\000a\000n\000c\000o\000\040\000r\000e\000g\000u\000l\000a\000d\000o\000s\000\040\000p\000o\000r\000\040\000m\000i\000A\000R\000N\000s\000\040\000e\000n\000\040\000p\000l\000a\000n\000t\000a\000s}{chapter.3}% 23
\BOOKMARK [2][]{subsection.3.2.1}{\376\377\0003\000.\0002\000.\0001\000\040\000M\000i\000A\000R\000N\000\040\000y\000\040\000t\000r\000a\000n\000s\000c\000r\000i\000p\000t\000o\000s}{section.3.2}% 24
\BOOKMARK [2][]{subsection.3.2.2}{\376\377\0003\000.\0002\000.\0002\000\040\000B\000\372\000s\000q\000u\000e\000d\000a\000\040\000d\000e\000\040\000g\000e\000n\000e\000s\000\040\000b\000l\000a\000n\000c\000o}{section.3.2}% 25
\BOOKMARK [2][]{subsection.3.2.3}{\376\377\0003\000.\0002\000.\0003\000\040\000H\000e\000r\000r\000a\000m\000i\000e\000n\000t\000a\000\040\000w\000e\000b\000\040\000y\000\040\000a\000l\000m\000a\000c\000e\000n\000a\000m\000i\000e\000n\000t\000o\000\040\000d\000e\000\040\000d\000a\000t\000o\000s}{section.3.2}% 26
\BOOKMARK [0][]{chapter.4}{\376\377\0004\000\040\000R\000e\000s\000u\000l\000t\000a\000d\000o\000s\000\040\000C\000a\000p\000\355\000t\000u\000l\000o\000\040\0001}{}% 27
\BOOKMARK [1][]{section.4.1}{\376\377\0004\000.\0001\000\040\000I\000n\000t\000r\000o\000d\000u\000c\000c\000i\000\363\000n}{chapter.4}% 28
\BOOKMARK [1][]{section.4.2}{\376\377\0004\000.\0002\000\040\000R\000e\000s\000u\000l\000t\000a\000d\000o\000s}{chapter.4}% 29
\BOOKMARK [2][]{subsection.4.2.1}{\376\377\0004\000.\0002\000.\0001\000\040\000P\000r\000e\000d\000i\000c\000c\000i\000\363\000n\000\040\000d\000e\000\040\000g\000e\000n\000e\000s\000\040\000r\000e\000g\000u\000l\000a\000d\000o\000s\000\040\000p\000o\000r\000\040\000m\000i\000A\000R\000N\000s\000.}{section.4.2}% 30
\BOOKMARK [2][]{subsection.4.2.2}{\376\377\0004\000.\0002\000.\0002\000\040\000c\000o\000m\000T\000A\000R\000:\000\040\000u\000n\000a\000\040\000h\000e\000r\000r\000a\000m\000i\000e\000n\000t\000a\000\040\000p\000a\000r\000a\000\040\000l\000a\000\040\000p\000r\000e\000d\000i\000c\000c\000i\000\363\000n\000\040\000d\000e\000\040\000g\000e\000n\000e\000s\000\040\000b\000l\000a\000n\000c\000o\000\040\000r\000e\000g\000u\000l\000a\000d\000o\000s\000\040\000p\000o\000r\000\040\000m\000i\000A\000R\000N\000s\000\040\000e\000n\000\040\000p\000l\000a\000n\000t\000a\000s\000.}{section.4.2}% 31
\BOOKMARK [0][]{chapter.5}{\376\377\0005\000\040\000M\000y\000\040\000s\000e\000c\000o\000n\000d\000\040\000c\000h\000a\000p\000t\000e\000r}{}% 32
\BOOKMARK [1][]{section.5.1}{\376\377\0005\000.\0001\000\040\000S\000h\000o\000r\000t\000\040\000t\000i\000t\000l\000e}{chapter.5}% 33
\BOOKMARK [0][]{chapter.6}{\376\377\0006\000\040\000C\000o\000n\000c\000l\000u\000s\000i\000o\000n\000e\000s}{}% 34
\BOOKMARK [1][]{section.6.1}{\376\377\0006\000.\0001\000\040\000S\000h\000o\000r\000t\000\040\000t\000i\000t\000l\000e}{chapter.6}% 35
\BOOKMARK [0][]{chapter*.31}{\376\377\000R\000e\000f\000e\000r\000e\000n\000c\000e\000s}{}% 36
\BOOKMARK [0][]{Appendix.a.A}{\376\377\000A\000p\000p\000e\000n\000d\000i\000x\000\040\000A\000\040\000A\000n\000e\000x\000o}{}% 37
