This is pdfTeX, Version 3.1415926-1.40.10 (TeX Live 2009/Debian) (format=pdflatex 2013.5.2)  5 FEB 2016 12:07
entering extended mode
 %&-line parsing enabled.
**thesis.tex
(./thesis.tex
LaTeX2e <2009/09/24>
Babel <v3.8l> and hyphenation patterns for english, usenglishmax, dumylang, noh
yphenation, farsi, arabic, croatian, bulgarian, ukrainian, russian, czech, slov
ak, danish, dutch, finnish, french, basque, ngerman, german, german-x-2009-06-1
9, ngerman-x-2009-06-19, ibycus, monogreek, greek, ancientgreek, hungarian, san
skrit, italian, latin, latvian, lithuanian, mongolian2a, mongolian, bokmal, nyn
orsk, romanian, irish, coptic, serbian, turkish, welsh, esperanto, uppersorbian
, estonian, indonesian, interlingua, icelandic, kurmanji, slovenian, polish, po
rtuguese, spanish, galician, catalan, swedish, ukenglish, pinyin, loaded.
(./Classes/PhDThesisPSnPDF.cls
(/usr/share/texmf-texlive/tex/latex/base/inputenc.sty
Package: inputenc 2008/03/30 v1.1d Input encoding file
\inpenc@prehook=\toks14
\inpenc@posthook=\toks15

(/usr/share/texmf-texlive/tex/latex/base/utf8.def
File: utf8.def 2008/04/05 v1.1m UTF-8 support for inputenc
Now handling font encoding OML ...
... no UTF-8 mapping file for font encoding OML
Now handling font encoding T1 ...
... processing UTF-8 mapping file for font encoding T1

(/usr/share/texmf-texlive/tex/latex/base/t1enc.dfu
File: t1enc.dfu 2008/04/05 v1.1m UTF-8 support for inputenc
   defining Unicode char U+00A1 (decimal 161)
   defining Unicode char U+00A3 (decimal 163)
   defining Unicode char U+00AB (decimal 171)
   defining Unicode char U+00BB (decimal 187)
   defining Unicode char U+00BF (decimal 191)
   defining Unicode char U+00C0 (decimal 192)
   defining Unicode char U+00C1 (decimal 193)
   defining Unicode char U+00C2 (decimal 194)
   defining Unicode char U+00C3 (decimal 195)
   defining Unicode char U+00C4 (decimal 196)
   defining Unicode char U+00C5 (decimal 197)
   defining Unicode char U+00C6 (decimal 198)
   defining Unicode char U+00C7 (decimal 199)
   defining Unicode char U+00C8 (decimal 200)
   defining Unicode char U+00C9 (decimal 201)
   defining Unicode char U+00CA (decimal 202)
   defining Unicode char U+00CB (decimal 203)
   defining Unicode char U+00CC (decimal 204)
   defining Unicode char U+00CD (decimal 205)
   defining Unicode char U+00CE (decimal 206)
   defining Unicode char U+00CF (decimal 207)
   defining Unicode char U+00D0 (decimal 208)
   defining Unicode char U+00D1 (decimal 209)
   defining Unicode char U+00D2 (decimal 210)
   defining Unicode char U+00D3 (decimal 211)
   defining Unicode char U+00D4 (decimal 212)
   defining Unicode char U+00D5 (decimal 213)
   defining Unicode char U+00D6 (decimal 214)
   defining Unicode char U+00D8 (decimal 216)
   defining Unicode char U+00D9 (decimal 217)
   defining Unicode char U+00DA (decimal 218)
   defining Unicode char U+00DB (decimal 219)
   defining Unicode char U+00DC (decimal 220)
   defining Unicode char U+00DD (decimal 221)
   defining Unicode char U+00DE (decimal 222)
   defining Unicode char U+00DF (decimal 223)
   defining Unicode char U+00E0 (decimal 224)
   defining Unicode char U+00E1 (decimal 225)
   defining Unicode char U+00E2 (decimal 226)
   defining Unicode char U+00E3 (decimal 227)
   defining Unicode char U+00E4 (decimal 228)
   defining Unicode char U+00E5 (decimal 229)
   defining Unicode char U+00E6 (decimal 230)
   defining Unicode char U+00E7 (decimal 231)
   defining Unicode char U+00E8 (decimal 232)
   defining Unicode char U+00E9 (decimal 233)
   defining Unicode char U+00EA (decimal 234)
   defining Unicode char U+00EB (decimal 235)
   defining Unicode char U+00EC (decimal 236)
   defining Unicode char U+00ED (decimal 237)
   defining Unicode char U+00EE (decimal 238)
   defining Unicode char U+00EF (decimal 239)
   defining Unicode char U+00F0 (decimal 240)
   defining Unicode char U+00F1 (decimal 241)
   defining Unicode char U+00F2 (decimal 242)
   defining Unicode char U+00F3 (decimal 243)
   defining Unicode char U+00F4 (decimal 244)
   defining Unicode char U+00F5 (decimal 245)
   defining Unicode char U+00F6 (decimal 246)
   defining Unicode char U+00F8 (decimal 248)
   defining Unicode char U+00F9 (decimal 249)
   defining Unicode char U+00FA (decimal 250)
   defining Unicode char U+00FB (decimal 251)
   defining Unicode char U+00FC (decimal 252)
   defining Unicode char U+00FD (decimal 253)
   defining Unicode char U+00FE (decimal 254)
   defining Unicode char U+00FF (decimal 255)
   defining Unicode char U+0102 (decimal 258)
   defining Unicode char U+0103 (decimal 259)
   defining Unicode char U+0104 (decimal 260)
   defining Unicode char U+0105 (decimal 261)
   defining Unicode char U+0106 (decimal 262)
   defining Unicode char U+0107 (decimal 263)
   defining Unicode char U+010C (decimal 268)
   defining Unicode char U+010D (decimal 269)
   defining Unicode char U+010E (decimal 270)
   defining Unicode char U+010F (decimal 271)
   defining Unicode char U+0110 (decimal 272)
   defining Unicode char U+0111 (decimal 273)
   defining Unicode char U+0118 (decimal 280)
   defining Unicode char U+0119 (decimal 281)
   defining Unicode char U+011A (decimal 282)
   defining Unicode char U+011B (decimal 283)
   defining Unicode char U+011E (decimal 286)
   defining Unicode char U+011F (decimal 287)
   defining Unicode char U+0130 (decimal 304)
   defining Unicode char U+0131 (decimal 305)
   defining Unicode char U+0132 (decimal 306)
   defining Unicode char U+0133 (decimal 307)
   defining Unicode char U+0139 (decimal 313)
   defining Unicode char U+013A (decimal 314)
   defining Unicode char U+013D (decimal 317)
   defining Unicode char U+013E (decimal 318)
   defining Unicode char U+0141 (decimal 321)
   defining Unicode char U+0142 (decimal 322)
   defining Unicode char U+0143 (decimal 323)
   defining Unicode char U+0144 (decimal 324)
   defining Unicode char U+0147 (decimal 327)
   defining Unicode char U+0148 (decimal 328)
   defining Unicode char U+014A (decimal 330)
   defining Unicode char U+014B (decimal 331)
   defining Unicode char U+0150 (decimal 336)
   defining Unicode char U+0151 (decimal 337)
   defining Unicode char U+0152 (decimal 338)
   defining Unicode char U+0153 (decimal 339)
   defining Unicode char U+0154 (decimal 340)
   defining Unicode char U+0155 (decimal 341)
   defining Unicode char U+0158 (decimal 344)
   defining Unicode char U+0159 (decimal 345)
   defining Unicode char U+015A (decimal 346)
   defining Unicode char U+015B (decimal 347)
   defining Unicode char U+015E (decimal 350)
   defining Unicode char U+015F (decimal 351)
   defining Unicode char U+0160 (decimal 352)
   defining Unicode char U+0161 (decimal 353)
   defining Unicode char U+0162 (decimal 354)
   defining Unicode char U+0163 (decimal 355)
   defining Unicode char U+0164 (decimal 356)
   defining Unicode char U+0165 (decimal 357)
   defining Unicode char U+016E (decimal 366)
   defining Unicode char U+016F (decimal 367)
   defining Unicode char U+0170 (decimal 368)
   defining Unicode char U+0171 (decimal 369)
   defining Unicode char U+0178 (decimal 376)
   defining Unicode char U+0179 (decimal 377)
   defining Unicode char U+017A (decimal 378)
   defining Unicode char U+017B (decimal 379)
   defining Unicode char U+017C (decimal 380)
   defining Unicode char U+017D (decimal 381)
   defining Unicode char U+017E (decimal 382)
   defining Unicode char U+200C (decimal 8204)
   defining Unicode char U+2013 (decimal 8211)
   defining Unicode char U+2014 (decimal 8212)
   defining Unicode char U+2018 (decimal 8216)
   defining Unicode char U+2019 (decimal 8217)
   defining Unicode char U+201A (decimal 8218)
   defining Unicode char U+201C (decimal 8220)
   defining Unicode char U+201D (decimal 8221)
   defining Unicode char U+201E (decimal 8222)
   defining Unicode char U+2030 (decimal 8240)
   defining Unicode char U+2031 (decimal 8241)
   defining Unicode char U+2039 (decimal 8249)
   defining Unicode char U+203A (decimal 8250)
   defining Unicode char U+2423 (decimal 9251)
)
Now handling font encoding OT1 ...
... processing UTF-8 mapping file for font encoding OT1

(/usr/share/texmf-texlive/tex/latex/base/ot1enc.dfu
File: ot1enc.dfu 2008/04/05 v1.1m UTF-8 support for inputenc
   defining Unicode char U+00A1 (decimal 161)
   defining Unicode char U+00A3 (decimal 163)
   defining Unicode char U+00B8 (decimal 184)
   defining Unicode char U+00BF (decimal 191)
   defining Unicode char U+00C5 (decimal 197)
   defining Unicode char U+00C6 (decimal 198)
   defining Unicode char U+00D8 (decimal 216)
   defining Unicode char U+00DF (decimal 223)
   defining Unicode char U+00E6 (decimal 230)
   defining Unicode char U+00EC (decimal 236)
   defining Unicode char U+00ED (decimal 237)
   defining Unicode char U+00EE (decimal 238)
   defining Unicode char U+00EF (decimal 239)
   defining Unicode char U+00F8 (decimal 248)
   defining Unicode char U+0131 (decimal 305)
   defining Unicode char U+0141 (decimal 321)
   defining Unicode char U+0142 (decimal 322)
   defining Unicode char U+0152 (decimal 338)
   defining Unicode char U+0153 (decimal 339)
   defining Unicode char U+2013 (decimal 8211)
   defining Unicode char U+2014 (decimal 8212)
   defining Unicode char U+2018 (decimal 8216)
   defining Unicode char U+2019 (decimal 8217)
   defining Unicode char U+201C (decimal 8220)
   defining Unicode char U+201D (decimal 8221)
)
Now handling font encoding OMS ...
... processing UTF-8 mapping file for font encoding OMS

(/usr/share/texmf-texlive/tex/latex/base/omsenc.dfu
File: omsenc.dfu 2008/04/05 v1.1m UTF-8 support for inputenc
   defining Unicode char U+00A7 (decimal 167)
   defining Unicode char U+00B6 (decimal 182)
   defining Unicode char U+00B7 (decimal 183)
   defining Unicode char U+2020 (decimal 8224)
   defining Unicode char U+2021 (decimal 8225)
   defining Unicode char U+2022 (decimal 8226)
)
Now handling font encoding OMX ...
... no UTF-8 mapping file for font encoding OMX
Now handling font encoding U ...
... no UTF-8 mapping file for font encoding U
   defining Unicode char U+00A9 (decimal 169)
   defining Unicode char U+00AA (decimal 170)
   defining Unicode char U+00AE (decimal 174)
   defining Unicode char U+00BA (decimal 186)
   defining Unicode char U+02C6 (decimal 710)
   defining Unicode char U+02DC (decimal 732)
   defining Unicode char U+200C (decimal 8204)
   defining Unicode char U+2026 (decimal 8230)
   defining Unicode char U+2122 (decimal 8482)
   defining Unicode char U+2423 (decimal 9251)
))

LaTeX Warning: You have requested document class `Classes/PhDThesisPSnPDF',
               but the document class provides `PhDThesisPSnPDF'.

Document Class: PhDThesisPSnPDF 2014/12/02 A PhD thesis class file by Krishna K
umar (v1.4.5)
https://github.com/kks32/phd-thesis-template/
PhDThesisPSnPDF: Font size is set as 12pt

Class PhDThesisPSnPDF Warning: Unknown or non-standard option 'spanish'. I'll s
ee if I can load it from the book class. If you get a warning unused global opt
ion(s): `spanish` then the option is not supported! on input line 259.

(/usr/share/texmf-texlive/tex/latex/base/book.cls
Document Class: book 2007/10/19 v1.4h Standard LaTeX document class
(/usr/share/texmf-texlive/tex/latex/base/fleqn.clo
File: fleqn.clo 1998/08/17 v1.1c Standard LaTeX option (flush left equations)
\mathindent=\dimen102
)
(/usr/share/texmf-texlive/tex/latex/base/bk12.clo
File: bk12.clo 2007/10/19 v1.4h Standard LaTeX file (size option)
)
\c@part=\count79
\c@chapter=\count80
\c@section=\count81
\c@subsection=\count82
\c@subsubsection=\count83
\c@paragraph=\count84
\c@subparagraph=\count85
\c@figure=\count86
\c@table=\count87
\abovecaptionskip=\skip41
\belowcaptionskip=\skip42
\bibindent=\dimen103
)
(/usr/share/texmf-texlive/tex/latex/graphics/lscape.sty
Package: lscape 2000/10/22 v3.01 Landscape Pages (DPC)

(/usr/share/texmf-texlive/tex/latex/graphics/graphics.sty
Package: graphics 2009/02/05 v1.0o Standard LaTeX Graphics (DPC,SPQR)

(/usr/share/texmf-texlive/tex/latex/graphics/trig.sty
Package: trig 1999/03/16 v1.09 sin cos tan (DPC)
)
(/etc/texmf/tex/latex/config/graphics.cfg
File: graphics.cfg 2009/08/28 v1.8 graphics configuration of TeX Live
)
Package graphics Info: Driver file: pdftex.def on input line 91.

(/usr/share/texmf-texlive/tex/latex/pdftex-def/pdftex.def
File: pdftex.def 2010/03/12 v0.04p Graphics/color for pdfTeX
\Gread@gobject=\count88
)))
(/usr/share/texmf-texlive/tex/latex/setspace/setspace.sty
Package: setspace 2000/12/01 6.7 Contributed and Supported LaTeX2e package

Package: `setspace' 6.7 <2000/12/01>
) (/usr/share/texmf-texlive/tex/latex/tools/calc.sty
Package: calc 2007/08/22 v4.3 Infix arithmetic (KKT,FJ)
\calc@Acount=\count89
\calc@Bcount=\count90
\calc@Adimen=\dimen104
\calc@Bdimen=\dimen105
\calc@Askip=\skip43
\calc@Bskip=\skip44
LaTeX Info: Redefining \setlength on input line 76.
LaTeX Info: Redefining \addtolength on input line 77.
\calc@Ccount=\count91
\calc@Cskip=\skip45
)
(/usr/share/texmf-texlive/tex/latex/base/ifthen.sty
Package: ifthen 2001/05/26 v1.1c Standard LaTeX ifthen package (DPC)
)
(/usr/share/texmf-texlive/tex/generic/oberdiek/ifpdf.sty
Package: ifpdf 2009/04/10 v2.0 Provides the ifpdf switch (HO)
Package ifpdf Info: pdfTeX in pdf mode detected.
)
(/usr/share/texmf-texlive/tex/latex/tocbibind/tocbibind.sty
Package: tocbibind 2009/09/04 v1.5i extra ToC listings


Package tocbibind Note: The document has chapter divisions.


Package tocbibind Note: Using chapter style headings, unless overridden.

) (/usr/share/texmf-texlive/tex/latex/appendix/appendix.sty
Package: appendix 2009/09/02 v1.2b extra appendix facilities
\c@@pps=\count92
\c@@ppsavesec=\count93
\c@@ppsaveapp=\count94
)
(/usr/share/texmf-texlive/tex/latex/graphics/color.sty
Package: color 2005/11/14 v1.0j Standard LaTeX Color (DPC)

(/etc/texmf/tex/latex/config/color.cfg
File: color.cfg 2007/01/18 v1.5 color configuration of teTeX/TeXLive
)
Package color Info: Driver file: pdftex.def on input line 130.

(/usr/share/texmf-texlive/tex/latex/graphics/dvipsnam.def
File: dvipsnam.def 1999/02/16 v3.0i Driver-dependant file (DPC,SPQR)
))
(/usr/share/texmf-texlive/tex/latex/oberdiek/epstopdf.sty
Package: epstopdf 2009/10/17 v2.4 Conversion with epstopdf on the fly (HO)

(/usr/share/texmf-texlive/tex/latex/oberdiek/epstopdf-base.sty
Package: epstopdf-base 2009/10/17 v2.4 Base part for package epstopdf

(/usr/share/texmf-texlive/tex/generic/oberdiek/infwarerr.sty
Package: infwarerr 2007/09/09 v1.2 Providing info/warning/message (HO)
)
(/usr/share/texmf-texlive/tex/latex/oberdiek/grfext.sty
Package: grfext 2007/09/30 v1.0 Managing graphics extensions (HO)
)
(/usr/share/texmf-texlive/tex/latex/oberdiek/kvoptions.sty
Package: kvoptions 2009/08/13 v3.4 Keyval support for LaTeX options (HO)

(/usr/share/texmf-texlive/tex/latex/graphics/keyval.sty
Package: keyval 1999/03/16 v1.13 key=value parser (DPC)
\KV@toks@=\toks16
)
(/usr/share/texmf-texlive/tex/generic/oberdiek/kvsetkeys.sty
Package: kvsetkeys 2009/07/30 v1.5 Key value parser with default handler suppor
t (HO)

(/usr/share/texmf-texlive/tex/generic/oberdiek/etexcmds.sty
Package: etexcmds 2007/12/12 v1.2 Prefix for e-TeX command names (HO)
Package etexcmds Info: Could not find \expanded.
(etexcmds)             That can mean that you are not using pdfTeX 1.50 or
(etexcmds)             that some package has redefined \expanded.
(etexcmds)             In the latter case, load this package earlier.
)))
(/usr/share/texmf-texlive/tex/generic/oberdiek/pdftexcmds.sty
Package: pdftexcmds 2009/09/23 v0.6 LuaTeX support for pdfTeX utility functions
 (HO)

(/usr/share/texmf-texlive/tex/generic/oberdiek/ifluatex.sty
Package: ifluatex 2009/04/17 v1.2 Provides the ifluatex switch (HO)
Package ifluatex Info: LuaTeX not detected.
)
(/usr/share/texmf-texlive/tex/generic/oberdiek/ltxcmds.sty
Package: ltxcmds 2009/08/05 v1.0 Some LaTeX kernel commands for general use (HO
)
)
Package pdftexcmds Info: LuaTeX not detected.
Package pdftexcmds Info: \pdf@primitive is available.
Package pdftexcmds Info: \pdf@ifprimitive is available.
)
Package grfext Info: Graphics extension search list:
(grfext)             [.png,.pdf,.jpg,.mps,.jpeg,.jbig2,.jb2,.PNG,.PDF,.JPG,.JPE
G,.JBIG2,.JB2,.eps]
(grfext)             \AppendGraphicsExtensions on input line 433.

(/usr/share/texmf-texlive/tex/latex/latexconfig/epstopdf-sys.cfg
File: epstopdf-sys.cfg 2009/10/26 v1.1 Configuration of epstopdf for TeX Live
)))
(/usr/share/texmf-texlive/tex/latex/graphics/graphicx.sty
Package: graphicx 1999/02/16 v1.0f Enhanced LaTeX Graphics (DPC,SPQR)
\Gin@req@height=\dimen106
\Gin@req@width=\dimen107
)
(/usr/share/texmf-texlive/tex/latex/datetime/datetime.sty
Package: datetime 2007/08/20 v2.55 Date Time Package

(/usr/share/texmf-texlive/tex/latex/fmtcount/fmtcount.sty
Package: fmtcount 2009/10/02 v1.31

(/usr/share/texmf-texlive/tex/latex/amsmath/amsgen.sty
File: amsgen.sty 1999/11/30 v2.0
\@emptytoks=\toks17
\ex@=\dimen108
)
\c@padzeroesN=\count95

(/usr/share/texmf-texlive/tex/latex/fmtcount/fc-english.def
File: fc-english 2007/05/26
)
(/usr/share/texmf-texlive/tex/latex/fmtcount/fc-UKenglish.def
File: fc-UKenglish 2007/06/14
)
(/usr/share/texmf-texlive/tex/latex/fmtcount/fc-british.def
File: fc-british 2007/06/14
)
(/usr/share/texmf-texlive/tex/latex/fmtcount/fc-USenglish.def
File: fc-USenglish 2007/06/14
)
(/usr/share/texmf-texlive/tex/latex/fmtcount/fc-spanish.def
File: fc-spanish.def 2007/05/26
)
(/usr/share/texmf-texlive/tex/latex/fmtcount/fc-portuges.def
File: fc-portuges.def 2007/05/26
)
(/usr/share/texmf-texlive/tex/latex/fmtcount/fc-french.def
File: fc-french.def 2007/05/26
)
(/usr/share/texmf-texlive/tex/latex/fmtcount/fc-german.def
File: fc-german.def 2007/06/14
)
(/usr/share/texmf-texlive/tex/latex/fmtcount/fc-italian.def
File: fc-italian.def 2009/10/02 Italian support for fmtcount (Edoardo Pasca)
)
No configuration file fmtcount.cfg found.
\@DT@modctr=\count96
\@ordinalctr=\count97
\@orgargctr=\count98
\@strctr=\count99
\@tmpstrctr=\count100
\@DT@loopN=\count101
\@DT@X=\count102
)
\@day=\count103
\@month=\count104
\@year=\count105
Package datetime Info: No datetime.cfg file found, using default settings on in
put line 167.
 (/usr/share/texmf-texlive/tex/latex/datetime/dt-spanish.def
File: dt-spanish.def 2004/10/31
)
\@dtctr=\count106
\dayofyear=\count107
\dayofweek=\count108
LaTeX Info: Redefining \today on input line 428.

(/usr/share/texmf-texlive/tex/latex/datetime/dt-spanish.def
File: dt-spanish.def 2004/10/31
LaTeX Info: Redefining \datespanish on input line 82.
)
\c@HOUR=\count109
\c@HOURXII=\count110
\c@MINUTE=\count111
\c@TOHOUR=\count112
\c@TOMINUTE=\count113
\dt@a=\toks18
\dt@b=\toks19
)
\PHD@hour=\count114
\PHD@minute=\count115

(/usr/share/texmf-texlive/tex/latex/natbib/natbib.sty
Package: natbib 2009/07/16 8.31 (PWD, AO)
\bibhang=\skip46
\bibsep=\skip47
LaTeX Info: Redefining \cite on input line 694.
\c@NAT@ctr=\count116
)
(/usr/share/texmf-texlive/tex/latex/base/textcomp.sty
Package: textcomp 2005/09/27 v1.99g Standard LaTeX package
Package textcomp Info: Sub-encoding information:
(textcomp)               5 = only ISO-Adobe without \textcurrency
(textcomp)               4 = 5 + \texteuro
(textcomp)               3 = 4 + \textohm
(textcomp)               2 = 3 + \textestimated + \textcurrency
(textcomp)               1 = TS1 - \textcircled - \t
(textcomp)               0 = TS1 (full)
(textcomp)             Font families with sub-encoding setting implement
(textcomp)             only a restricted character set as indicated.
(textcomp)             Family '?' is the default used for unknown fonts.
(textcomp)             See the documentation for details.
Package textcomp Info: Setting ? sub-encoding to TS1/1 on input line 71.

(/usr/share/texmf-texlive/tex/latex/base/ts1enc.def
File: ts1enc.def 2001/06/05 v3.0e (jk/car/fm) Standard LaTeX file
Now handling font encoding TS1 ...
... processing UTF-8 mapping file for font encoding TS1

(/usr/share/texmf-texlive/tex/latex/base/ts1enc.dfu
File: ts1enc.dfu 2008/04/05 v1.1m UTF-8 support for inputenc
   defining Unicode char U+00A2 (decimal 162)
   defining Unicode char U+00A3 (decimal 163)
   defining Unicode char U+00A4 (decimal 164)
   defining Unicode char U+00A5 (decimal 165)
   defining Unicode char U+00A6 (decimal 166)
   defining Unicode char U+00A7 (decimal 167)
   defining Unicode char U+00A8 (decimal 168)
   defining Unicode char U+00A9 (decimal 169)
   defining Unicode char U+00AA (decimal 170)
   defining Unicode char U+00AC (decimal 172)
   defining Unicode char U+00AE (decimal 174)
   defining Unicode char U+00AF (decimal 175)
   defining Unicode char U+00B0 (decimal 176)
   defining Unicode char U+00B1 (decimal 177)
   defining Unicode char U+00B2 (decimal 178)
   defining Unicode char U+00B3 (decimal 179)
   defining Unicode char U+00B4 (decimal 180)
   defining Unicode char U+00B5 (decimal 181)
   defining Unicode char U+00B6 (decimal 182)
   defining Unicode char U+00B7 (decimal 183)
   defining Unicode char U+00B9 (decimal 185)
   defining Unicode char U+00BA (decimal 186)
   defining Unicode char U+00BC (decimal 188)
   defining Unicode char U+00BD (decimal 189)
   defining Unicode char U+00BE (decimal 190)
   defining Unicode char U+00D7 (decimal 215)
   defining Unicode char U+00F7 (decimal 247)
   defining Unicode char U+0192 (decimal 402)
   defining Unicode char U+02C7 (decimal 711)
   defining Unicode char U+02D8 (decimal 728)
   defining Unicode char U+02DD (decimal 733)
   defining Unicode char U+0E3F (decimal 3647)
   defining Unicode char U+2016 (decimal 8214)
   defining Unicode char U+2020 (decimal 8224)
   defining Unicode char U+2021 (decimal 8225)
   defining Unicode char U+2022 (decimal 8226)
   defining Unicode char U+2030 (decimal 8240)
   defining Unicode char U+2031 (decimal 8241)
   defining Unicode char U+203B (decimal 8251)
   defining Unicode char U+203D (decimal 8253)
   defining Unicode char U+2044 (decimal 8260)
   defining Unicode char U+204E (decimal 8270)
   defining Unicode char U+2052 (decimal 8274)
   defining Unicode char U+20A1 (decimal 8353)
   defining Unicode char U+20A4 (decimal 8356)
   defining Unicode char U+20A6 (decimal 8358)
   defining Unicode char U+20A9 (decimal 8361)
   defining Unicode char U+20AB (decimal 8363)
   defining Unicode char U+20AC (decimal 8364)
   defining Unicode char U+20B1 (decimal 8369)
   defining Unicode char U+2103 (decimal 8451)
   defining Unicode char U+2116 (decimal 8470)
   defining Unicode char U+2117 (decimal 8471)
   defining Unicode char U+211E (decimal 8478)
   defining Unicode char U+2120 (decimal 8480)
   defining Unicode char U+2122 (decimal 8482)
   defining Unicode char U+2126 (decimal 8486)
   defining Unicode char U+2127 (decimal 8487)
   defining Unicode char U+212E (decimal 8494)
   defining Unicode char U+2190 (decimal 8592)
   defining Unicode char U+2191 (decimal 8593)
   defining Unicode char U+2192 (decimal 8594)
   defining Unicode char U+2193 (decimal 8595)
   defining Unicode char U+2329 (decimal 9001)
   defining Unicode char U+232A (decimal 9002)
   defining Unicode char U+2422 (decimal 9250)
   defining Unicode char U+25E6 (decimal 9702)
   defining Unicode char U+25EF (decimal 9711)
   defining Unicode char U+266A (decimal 9834)
))
LaTeX Info: Redefining \oldstylenums on input line 266.
Package textcomp Info: Setting cmr sub-encoding to TS1/0 on input line 281.
Package textcomp Info: Setting cmss sub-encoding to TS1/0 on input line 282.
Package textcomp Info: Setting cmtt sub-encoding to TS1/0 on input line 283.
Package textcomp Info: Setting cmvtt sub-encoding to TS1/0 on input line 284.
Package textcomp Info: Setting cmbr sub-encoding to TS1/0 on input line 285.
Package textcomp Info: Setting cmtl sub-encoding to TS1/0 on input line 286.
Package textcomp Info: Setting ccr sub-encoding to TS1/0 on input line 287.
Package textcomp Info: Setting ptm sub-encoding to TS1/4 on input line 288.
Package textcomp Info: Setting pcr sub-encoding to TS1/4 on input line 289.
Package textcomp Info: Setting phv sub-encoding to TS1/4 on input line 290.
Package textcomp Info: Setting ppl sub-encoding to TS1/3 on input line 291.
Package textcomp Info: Setting pag sub-encoding to TS1/4 on input line 292.
Package textcomp Info: Setting pbk sub-encoding to TS1/4 on input line 293.
Package textcomp Info: Setting pnc sub-encoding to TS1/4 on input line 294.
Package textcomp Info: Setting pzc sub-encoding to TS1/4 on input line 295.
Package textcomp Info: Setting bch sub-encoding to TS1/4 on input line 296.
Package textcomp Info: Setting put sub-encoding to TS1/5 on input line 297.
Package textcomp Info: Setting uag sub-encoding to TS1/5 on input line 298.
Package textcomp Info: Setting ugq sub-encoding to TS1/5 on input line 299.
Package textcomp Info: Setting ul8 sub-encoding to TS1/4 on input line 300.
Package textcomp Info: Setting ul9 sub-encoding to TS1/4 on input line 301.
Package textcomp Info: Setting augie sub-encoding to TS1/5 on input line 302.
Package textcomp Info: Setting dayrom sub-encoding to TS1/3 on input line 303.
Package textcomp Info: Setting dayroms sub-encoding to TS1/3 on input line 304.

Package textcomp Info: Setting pxr sub-encoding to TS1/0 on input line 305.
Package textcomp Info: Setting pxss sub-encoding to TS1/0 on input line 306.
Package textcomp Info: Setting pxtt sub-encoding to TS1/0 on input line 307.
Package textcomp Info: Setting txr sub-encoding to TS1/0 on input line 308.
Package textcomp Info: Setting txss sub-encoding to TS1/0 on input line 309.
Package textcomp Info: Setting txtt sub-encoding to TS1/0 on input line 310.
Package textcomp Info: Setting futs sub-encoding to TS1/4 on input line 311.
Package textcomp Info: Setting futx sub-encoding to TS1/4 on input line 312.
Package textcomp Info: Setting futj sub-encoding to TS1/4 on input line 313.
Package textcomp Info: Setting hlh sub-encoding to TS1/3 on input line 314.
Package textcomp Info: Setting hls sub-encoding to TS1/3 on input line 315.
Package textcomp Info: Setting hlst sub-encoding to TS1/3 on input line 316.
Package textcomp Info: Setting hlct sub-encoding to TS1/5 on input line 317.
Package textcomp Info: Setting hlx sub-encoding to TS1/5 on input line 318.
Package textcomp Info: Setting hlce sub-encoding to TS1/5 on input line 319.
Package textcomp Info: Setting hlcn sub-encoding to TS1/5 on input line 320.
Package textcomp Info: Setting hlcw sub-encoding to TS1/5 on input line 321.
Package textcomp Info: Setting hlcf sub-encoding to TS1/5 on input line 322.
Package textcomp Info: Setting pplx sub-encoding to TS1/3 on input line 323.
Package textcomp Info: Setting pplj sub-encoding to TS1/3 on input line 324.
Package textcomp Info: Setting ptmx sub-encoding to TS1/4 on input line 325.
Package textcomp Info: Setting ptmj sub-encoding to TS1/4 on input line 326.
)
(/usr/share/texmf-texlive/tex/latex/psnfss/mathptmx.sty
Package: mathptmx 2005/04/12 PSNFSS-v9.2a Times w/ Math, improved (SPQR, WaS) 
LaTeX Font Info:    Redeclaring symbol font `operators' on input line 28.
LaTeX Font Info:    Overwriting symbol font `operators' in version `normal'
(Font)                  OT1/cmr/m/n --> OT1/ztmcm/m/n on input line 28.
LaTeX Font Info:    Overwriting symbol font `operators' in version `bold'
(Font)                  OT1/cmr/bx/n --> OT1/ztmcm/m/n on input line 28.
LaTeX Font Info:    Redeclaring symbol font `letters' on input line 29.
LaTeX Font Info:    Overwriting symbol font `letters' in version `normal'
(Font)                  OML/cmm/m/it --> OML/ztmcm/m/it on input line 29.
LaTeX Font Info:    Overwriting symbol font `letters' in version `bold'
(Font)                  OML/cmm/b/it --> OML/ztmcm/m/it on input line 29.
LaTeX Font Info:    Redeclaring symbol font `symbols' on input line 30.
LaTeX Font Info:    Overwriting symbol font `symbols' in version `normal'
(Font)                  OMS/cmsy/m/n --> OMS/ztmcm/m/n on input line 30.
LaTeX Font Info:    Overwriting symbol font `symbols' in version `bold'
(Font)                  OMS/cmsy/b/n --> OMS/ztmcm/m/n on input line 30.
LaTeX Font Info:    Redeclaring symbol font `largesymbols' on input line 31.
LaTeX Font Info:    Overwriting symbol font `largesymbols' in version `normal'
(Font)                  OMX/cmex/m/n --> OMX/ztmcm/m/n on input line 31.
LaTeX Font Info:    Overwriting symbol font `largesymbols' in version `bold'
(Font)                  OMX/cmex/m/n --> OMX/ztmcm/m/n on input line 31.
\symbold=\mathgroup4
\symitalic=\mathgroup5
LaTeX Font Info:    Redeclaring math alphabet \mathbf on input line 34.
LaTeX Font Info:    Overwriting math alphabet `\mathbf' in version `normal'
(Font)                  OT1/cmr/bx/n --> OT1/ptm/bx/n on input line 34.
LaTeX Font Info:    Overwriting math alphabet `\mathbf' in version `bold'
(Font)                  OT1/cmr/bx/n --> OT1/ptm/bx/n on input line 34.
LaTeX Font Info:    Redeclaring math alphabet \mathit on input line 35.
LaTeX Font Info:    Overwriting math alphabet `\mathit' in version `normal'
(Font)                  OT1/cmr/m/it --> OT1/ptm/m/it on input line 35.
LaTeX Font Info:    Overwriting math alphabet `\mathit' in version `bold'
(Font)                  OT1/cmr/bx/it --> OT1/ptm/m/it on input line 35.
LaTeX Info: Redefining \hbar on input line 50.
)
PhDThesisPSnPDF: Using Times Roman font
(/usr/share/texmf-texlive/tex/latex/base/fontenc.sty
Package: fontenc 2005/09/27 v1.99g Standard LaTeX package

(/usr/share/texmf-texlive/tex/latex/base/t1enc.def
File: t1enc.def 2005/09/27 v1.99g Standard LaTeX file
LaTeX Font Info:    Redeclaring font encoding T1 on input line 43.
))
(/usr/share/texmf-texlive/tex/generic/pdftex/glyphtounicode.tex)
(/usr/share/texmf-texlive/tex/latex/microtype/microtype.sty
Package: microtype 2009/03/27 v2.3d Micro-typography with pdfTeX (RS)
\MT@toks=\toks20
\MT@count=\count117
LaTeX Info: Redefining \lsstyle on input line 1608.
LaTeX Info: Redefining \lslig on input line 1608.
\MT@outer@space=\skip48
LaTeX Info: Redefining \textls on input line 1616.
\MT@outer@kern=\dimen109
LaTeX Info: Redefining \textmicrotypecontext on input line 2167.
Package microtype Info: Loading configuration file microtype.cfg.

(/usr/share/texmf-texlive/tex/latex/microtype/microtype.cfg
File: microtype.cfg 2009/03/27 v2.3d microtype main configuration file (RS)
))
(/usr/share/texmf-texlive/tex/latex/hyperref/hyperref.sty
Package: hyperref 2009/10/09 v6.79a Hypertext links for LaTeX

(/usr/share/texmf-texlive/tex/generic/oberdiek/ifvtex.sty
Package: ifvtex 2008/11/04 v1.4 Switches for detecting VTeX and its modes (HO)
Package ifvtex Info: VTeX not detected.
)
(/usr/share/texmf-texlive/tex/generic/ifxetex/ifxetex.sty
Package: ifxetex 2009/01/23 v0.5 Provides ifxetex conditional
)
(/usr/share/texmf-texlive/tex/latex/oberdiek/hycolor.sty
Package: hycolor 2009/10/02 v1.5 Code for color options of hyperref/bookmark (H
O)

(/usr/share/texmf-texlive/tex/latex/oberdiek/xcolor-patch.sty
Package: xcolor-patch 2009/10/02 xcolor patch
))
\@linkdim=\dimen110
\Hy@linkcounter=\count118
\Hy@pagecounter=\count119

(/usr/share/texmf-texlive/tex/latex/hyperref/pd1enc.def
File: pd1enc.def 2009/10/09 v6.79a Hyperref: PDFDocEncoding definition (HO)
Now handling font encoding PD1 ...
... no UTF-8 mapping file for font encoding PD1
)
(/usr/share/texmf-texlive/tex/latex/latexconfig/hyperref.cfg
File: hyperref.cfg 2002/06/06 v1.2 hyperref configuration of TeXLive
)
Package hyperref Info: Option `unicode' set `true' on input line 2864.

(/usr/share/texmf-texlive/tex/latex/hyperref/puenc.def
File: puenc.def 2009/10/09 v6.79a Hyperref: PDF Unicode definition (HO)
Now handling font encoding PU ...
... no UTF-8 mapping file for font encoding PU
)
Package hyperref Info: Hyper figures OFF on input line 2975.
Package hyperref Info: Link nesting OFF on input line 2980.
Package hyperref Info: Hyper index ON on input line 2983.
Package hyperref Info: Plain pages OFF on input line 2990.
Package hyperref Info: Backreferencing OFF on input line 2995.

Implicit mode ON; LaTeX internals redefined
Package hyperref Info: Bookmarks ON on input line 3191.
(/usr/share/texmf-texlive/tex/latex/ltxmisc/url.sty
\Urlmuskip=\muskip10
Package: url 2006/04/12  ver 3.3  Verb mode for urls, etc.
)
LaTeX Info: Redefining \url on input line 3428.

(/usr/share/texmf-texlive/tex/generic/oberdiek/bitset.sty
Package: bitset 2007/09/28 v1.0 Data type bit set (HO)

(/usr/share/texmf-texlive/tex/generic/oberdiek/intcalc.sty
Package: intcalc 2007/09/27 v1.1 Expandable integer calculations (HO)
)
(/usr/share/texmf-texlive/tex/generic/oberdiek/bigintcalc.sty
Package: bigintcalc 2007/11/11 v1.1 Expandable big integer calculations (HO)
))
\Fld@menulength=\count120
\Field@Width=\dimen111
\Fld@charsize=\dimen112
\Field@toks=\toks21
Package hyperref Info: Hyper figures OFF on input line 4377.
Package hyperref Info: Link nesting OFF on input line 4382.
Package hyperref Info: Hyper index ON on input line 4385.
Package hyperref Info: backreferencing OFF on input line 4392.
Package hyperref Info: Link coloring OFF on input line 4397.
Package hyperref Info: Link coloring with OCG OFF on input line 4402.
Package hyperref Info: PDF/A mode OFF on input line 4407.

(/usr/share/texmf-texlive/tex/generic/oberdiek/atbegshi.sty
Package: atbegshi 2008/07/31 v1.9 At begin shipout hook (HO)
)
\Hy@abspage=\count121
\c@Item=\count122
\c@Hfootnote=\count123
)
*hyperref using default driver hpdftex*
(/usr/share/texmf-texlive/tex/latex/hyperref/hpdftex.def
File: hpdftex.def 2009/10/09 v6.79a Hyperref driver for pdfTeX
\Fld@listcount=\count124
)
Package hyperref Info: Option `final' set `true' on input line 613.
Package hyperref Info: Option `plainpages' set `false' on input line 613.
Package hyperref Info: Option `pdftoolbar' set `true' on input line 613.
Package hyperref Info: Option `pdfmenubar' set `true' on input line 613.
Package hyperref Info: Option `bookmarksopen' set `true' on input line 613.
Package hyperref Info: Option `bookmarksnumbered' set `true' on input line 613.

Package hyperref Info: Option `breaklinks' set `true' on input line 613.
Package hyperref Info: Option `linktocpage' set `true' on input line 613.
Package hyperref Info: Option `colorlinks' set `true' on input line 613.

(/usr/share/texmf-texlive/tex/latex/geometry/geometry.sty
Package: geometry 2008/12/21 v4.2 Page Geometry
\Gm@cnth=\count125
\Gm@cntv=\count126
\c@Gm@tempcnt=\count127
\Gm@bindingoffset=\dimen113
\Gm@wd@mp=\dimen114
\Gm@odd@mp=\dimen115
\Gm@even@mp=\dimen116
\Gm@dimlist=\toks22

(/usr/share/texmf-texlive/tex/xelatex/xetexconfig/geometry.cfg))
PhDThesisPSnPDF: The University identity guidelines recommend using left aligne
d text. Please use `flushleft' in the documentclass option, if you wish to left
 align your text (/usr/share/texmf-texlive/tex/latex/fancyhdr/fancyhdr.sty
\fancy@headwidth=\skip49
\f@ncyO@elh=\skip50
\f@ncyO@erh=\skip51
\f@ncyO@olh=\skip52
\f@ncyO@orh=\skip53
\f@ncyO@elf=\skip54
\f@ncyO@erf=\skip55
\f@ncyO@olf=\skip56
\f@ncyO@orf=\skip57
)

Package Fancyhdr Warning: \fancyhead's `E' option without twoside option is use
less on input line 798.


Package Fancyhdr Warning: \fancyhead's `E' option without twoside option is use
less on input line 798.

(/usr/share/texmf-texlive/tex/latex/nomencl/nomencl.sty
Package: nomencl 2005/09/22 v4.2 Nomenclature package (LN)
\nomlabelwidth=\dimen117
\nom@tempdim=\dimen118
\nomitemsep=\skip58
)
\@nomenclaturefile=\write3
\openout3 = `thesis.nlo'.


Writing nomenclature file thesis.nlo
(/usr/share/texmf-texlive/tex/latex/base/makeidx.sty
Package: makeidx 2000/03/29 v1.0m Standard LaTeX package
)
\@indexfile=\write4
\openout4 = `thesis.idx'.


Writing index file thesis.idx
) (/usr/share/texmf/tex/latex/xcolor/xcolor.sty
Package: xcolor 2007/01/21 v2.11 LaTeX color extensions (UK)

(/etc/texmf/tex/latex/config/color.cfg
File: color.cfg 2007/01/18 v1.5 color configuration of teTeX/TeXLive
)
Package xcolor Info: Driver file: pdftex.def on input line 225.

(/usr/share/texmf-texlive/tex/latex/colortbl/colortbl.sty
Package: colortbl 2001/02/13 v0.1j Color table columns (DPC)

(/usr/share/texmf-texlive/tex/latex/tools/array.sty
Package: array 2008/09/09 v2.4c Tabular extension package (FMi)
\col@sep=\dimen119
\extrarowheight=\dimen120
\NC@list=\toks23
\extratabsurround=\skip59
\backup@length=\skip60
)
\everycr=\toks24
\minrowclearance=\skip61
)
LaTeX Info: Redefining \color on input line 702.
\rownum=\count128
Package xcolor Info: Model `cmy' substituted by `cmy0' on input line 1337.
Package xcolor Info: Model `hsb' substituted by `rgb' on input line 1341.
Package xcolor Info: Model `RGB' extended on input line 1353.
Package xcolor Info: Model `HTML' substituted by `rgb' on input line 1355.
Package xcolor Info: Model `Hsb' substituted by `hsb' on input line 1356.
Package xcolor Info: Model `tHsb' substituted by `hsb' on input line 1357.
Package xcolor Info: Model `HSB' substituted by `hsb' on input line 1358.
Package xcolor Info: Model `Gray' substituted by `gray' on input line 1359.
Package xcolor Info: Model `wave' substituted by `hsb' on input line 1360.
)
(/usr/share/texmf-texlive/tex/latex/listings/listings.sty
\lst@mode=\count129
\lst@gtempboxa=\box26
\lst@token=\toks25
\lst@length=\count130
\lst@currlwidth=\dimen121
\lst@column=\count131
\lst@pos=\count132
\lst@lostspace=\dimen122
\lst@width=\dimen123
\lst@newlines=\count133
\lst@lineno=\count134
\lst@maxwidth=\dimen124

(/usr/share/texmf-texlive/tex/latex/listings/lstmisc.sty
File: lstmisc.sty 2007/02/22 1.4 (Carsten Heinz)
\c@lstnumber=\count135
\lst@skipnumbers=\count136
\lst@framebox=\box27
)
(/usr/share/texmf-texlive/tex/latex/listings/listings.cfg
File: listings.cfg 2007/02/22 1.4 listings configuration
))
Package: listings 2007/02/22 1.4 (Carsten Heinz)

(/usr/share/texmf-texlive/tex/latex/oberdiek/pdflscape.sty
Package: pdflscape 2008/08/11 v0.10 Landscape pages in PDF (HO)
Package pdflscape Info: Auto-detected driver: pdftex on input line 75.
)
(/usr/share/texmf-texlive/tex/latex/titlesec/titlesec.sty
Package: titlesec 2007/08/12 v2.8 Sectioning titles
\ttl@box=\box28
\beforetitleunit=\skip62
\aftertitleunit=\skip63
\ttl@plus=\dimen125
\ttl@minus=\dimen126
\ttl@toksa=\toks26
\titlewidth=\dimen127
\titlewidthlast=\dimen128
\titlewidthfirst=\dimen129
)
(./Preamble/preamble.tex
(/usr/share/texmf-texlive/tex/latex/caption/caption.sty
Package: caption 2009/10/09 v3.1k Customizing captions (AR)

(/usr/share/texmf-texlive/tex/latex/caption/caption3.sty
Package: caption3 2009/10/09 v3.1k caption3 kernel (AR)
\captionmargin=\dimen130
\captionmargin@=\dimen131
\captionwidth=\dimen132
\caption@indent=\dimen133
\caption@parindent=\dimen134
\caption@hangindent=\dimen135
)
\c@ContinuedFloat=\count137
Package caption Info: hyperref package is loaded.
Package caption Info: listings package is loaded.
)
(/usr/share/texmf-texlive/tex/latex/caption/subcaption.sty
Package: subcaption 2008/08/31 v1.0b Adding subcaptions (AR)
\c@subfigure=\count138
\c@subtable=\count139
)
(/usr/share/texmf-texlive/tex/latex/booktabs/booktabs.sty
Package: booktabs 2005/04/14 v1.61803 publication quality tables
\heavyrulewidth=\dimen136
\lightrulewidth=\dimen137
\cmidrulewidth=\dimen138
\belowrulesep=\dimen139
\belowbottomsep=\dimen140
\aboverulesep=\dimen141
\abovetopsep=\dimen142
\cmidrulesep=\dimen143
\cmidrulekern=\dimen144
\defaultaddspace=\dimen145
\@cmidla=\count140
\@cmidlb=\count141
\@aboverulesep=\dimen146
\@belowrulesep=\dimen147
\@thisruleclass=\count142
\@lastruleclass=\count143
\@thisrulewidth=\dimen148
)
(/usr/share/texmf-texlive/tex/latex/multirow/multirow.sty
\bigstrutjot=\dimen149
)
(/usr/share/texmf-texlive/tex/latex/amsfonts/amsfonts.sty
Package: amsfonts 2009/06/22 v3.00 Basic AMSFonts support
\symAMSa=\mathgroup6
\symAMSb=\mathgroup7
LaTeX Font Info:    Overwriting math alphabet `\mathfrak' in version `bold'
(Font)                  U/euf/m/n --> U/euf/b/n on input line 96.
)
(/usr/share/texmf-texlive/tex/latex/amsmath/amsmath.sty
Package: amsmath 2000/07/18 v2.13 AMS math features
\@mathmargin=\skip64

For additional information on amsmath, use the `?' option.
(/usr/share/texmf-texlive/tex/latex/amsmath/amstext.sty
Package: amstext 2000/06/29 v2.01
)
(/usr/share/texmf-texlive/tex/latex/amsmath/amsbsy.sty
Package: amsbsy 1999/11/29 v1.2d
\pmbraise@=\dimen150
)
(/usr/share/texmf-texlive/tex/latex/amsmath/amsopn.sty
Package: amsopn 1999/12/14 v2.01 operator names
)
\inf@bad=\count144
LaTeX Info: Redefining \frac on input line 211.
\uproot@=\count145
\leftroot@=\count146
LaTeX Info: Redefining \overline on input line 307.
\classnum@=\count147
\DOTSCASE@=\count148
LaTeX Info: Redefining \ldots on input line 379.
LaTeX Info: Redefining \dots on input line 382.
LaTeX Info: Redefining \cdots on input line 467.
\Mathstrutbox@=\box29
\strutbox@=\box30
\big@size=\dimen151
LaTeX Font Info:    Redeclaring font encoding OML on input line 567.
LaTeX Font Info:    Redeclaring font encoding OMS on input line 568.
\macc@depth=\count149
\c@MaxMatrixCols=\count150
\dotsspace@=\muskip11
\c@parentequation=\count151
\dspbrk@lvl=\count152
\tag@help=\toks27
\row@=\count153
\column@=\count154
\maxfields@=\count155
\andhelp@=\toks28
\eqnshift@=\dimen152
\alignsep@=\dimen153
\tagshift@=\dimen154
\tagwidth@=\dimen155
\totwidth@=\dimen156
\lineht@=\dimen157
\@envbody=\toks29
\multlinegap=\skip65
\multlinetaggap=\skip66
\mathdisplay@stack=\toks30
LaTeX Info: Redefining \[ on input line 2666.
LaTeX Info: Redefining \] on input line 2667.
)
(/usr/share/texmf-texlive/tex/latex/amsfonts/amssymb.sty
Package: amssymb 2009/06/22 v3.00
)
(/usr/share/texmf-texlive/tex/latex/siunitx/siunitx.sty
Package: siunitx 2009/09/21 v1.3a A comprehensive (SI) units package

(/usr/share/texmf-texlive/tex/latex/xkeyval/xkeyval.sty
Package: xkeyval 2008/08/13 v2.6a package option processing (HA)

(/usr/share/texmf-texlive/tex/generic/xkeyval/xkeyval.tex
\XKV@toks=\toks31
\XKV@tempa@toks=\toks32
\XKV@depth=\count156
File: xkeyval.tex 2008/08/13 v2.6a key=value parser (HA)
))
(/usr/share/texmf-texlive/tex/latex/tools/xspace.sty
Package: xspace 2006/05/08 v1.12 Space after command names (DPC,MH)
)
\si@tempboxa=\box31
\si@tempboxb=\box32
\si@tempboxc=\box33
\si@tempboxd=\box34
\si@temptoks=\toks33
\si@tab@mantprecnt=\count157
\si@tab@mantpostcnt=\count158
\si@tab@expprecnt=\count159
\si@tab@exppostcnt=\count160
\si@num@dp=\count161
\si@num@sf=\count162
LaTeX Font Info:    Redeclaring font encoding TS1 on input line 829.
\si@eVcorra=\skip67
\si@eVcorrb=\skip68
\si@frc@displen=\skip69
\si@frc@textlen=\skip70
\si@frc@suplen=\skip71
\si@frc@ssuplen=\skip72
\si@num@rndtarget=\count163
\si@tab@toks=\toks34
\si@tab@pretoks=\toks35
\si@tab@posttoks=\toks36
\si@tempcnta=\count164
\si@tempcntb=\count165
\si@tab@prebox=\box35
\si@tab@midbox=\box36
\si@tab@postbox=\box37
\si@tab@expbox=\box38
\si@tab@predim=\dimen158
\si@tab@postdim=\dimen159
\si@tab@expdim=\dimen160
\si@tempdima=\dimen161
\si@tempdimb=\dimen162
\si@unt@unitcnta=\count166
\si@unt@unitcntb=\count167
\si@unt@depthcnt=\count168
\si@unt@prefixcnt=\count169
\si@unt@powerdim=\dimen163

(/usr/share/texmf-texlive/tex/latex/siunitx/config/si-prefix.cfg
File: si-prefix.cfg 2009/09/21 v1.3a siunitx: SI Multiple prefixes
Package siunitx Info: Redefining unit \kilogram on input line 46.
)
(/usr/share/texmf-texlive/tex/latex/siunitx/config/si-named.cfg
File: si-named.cfg 2009/09/21 v1.3a siunitx: SI Named units
)
(/usr/share/texmf-texlive/tex/latex/siunitx/config/si-addn.cfg
File: si-addn.cfg 2009/09/21 v1.3a siunitx: SI Additional units
)
(/usr/share/texmf-texlive/tex/latex/siunitx/config/si-prefixed.cfg
File: si-prefixed.cfg 2009/09/21 v1.3a siunitx: SI Prefixed units

(/usr/share/texmf-texlive/tex/latex/siunitx/config/si-accepted.cfg
File: si-accepted.cfg 2009/09/21 v1.3a siunitx: SI Accepted units
)
(/usr/share/texmf-texlive/tex/latex/siunitx/config/si-physical.cfg
File: si-physical.cfg 2009/09/21 v1.3a siunitx: SI Physically-measured units
))
(/usr/share/texmf-texlive/tex/latex/siunitx/config/si-abbr.cfg
File: si-abbr.cfg 2009/09/21 v1.3a siunitx: Abbreviated units
)))
(./thesis-info.tex) (./thesis.aux (./Declaration/declaration.aux)
(./Divulgacion/divulgacion.aux) (./Acknowledgement/acknowledgement.aux)
(./Abstract/abstract.aux) (./Abreviaturas/abreviaturas.aux)
(./Introduccion/introduccion.aux) (./Objetivos/objetivos.aux)
(./Materials/materials1.aux) (./Chapter1/chapter1.aux) (./Chapter2/chapter2.aux
) (./Chapter3/chapter3.aux

LaTeX Warning: Label `fig:miR164_base_pairing' multiply defined.

) (./Chapter4/chapter4.aux

LaTeX Warning: Label `fig:distribucion_lecturas_totales' multiply defined.

) (./Conclusiones/conclusiones.aux) (./Appendix/appendix.aux))
\openout1 = `thesis.aux'.

LaTeX Font Info:    Checking defaults for OML/cmm/m/it on input line 92.
LaTeX Font Info:    ... okay on input line 92.
LaTeX Font Info:    Checking defaults for T1/cmr/m/n on input line 92.
LaTeX Font Info:    ... okay on input line 92.
LaTeX Font Info:    Checking defaults for OT1/cmr/m/n on input line 92.
LaTeX Font Info:    ... okay on input line 92.
LaTeX Font Info:    Checking defaults for OMS/cmsy/m/n on input line 92.
LaTeX Font Info:    ... okay on input line 92.
LaTeX Font Info:    Checking defaults for OMX/cmex/m/n on input line 92.
LaTeX Font Info:    ... okay on input line 92.
LaTeX Font Info:    Checking defaults for U/cmr/m/n on input line 92.
LaTeX Font Info:    ... okay on input line 92.
LaTeX Font Info:    Checking defaults for TS1/cmr/m/n on input line 92.
LaTeX Font Info:    Try loading font information for TS1+cmr on input line 92.

(/usr/share/texmf-texlive/tex/latex/base/ts1cmr.fd
File: ts1cmr.fd 1999/05/25 v2.5h Standard LaTeX font definitions
)
LaTeX Font Info:    ... okay on input line 92.
LaTeX Font Info:    Checking defaults for PD1/pdf/m/n on input line 92.
LaTeX Font Info:    ... okay on input line 92.
LaTeX Font Info:    Checking defaults for PU/pdf/m/n on input line 92.
LaTeX Font Info:    ... okay on input line 92.
LaTeX Font Info:    Try loading font information for T1+ptm on input line 92.

(/usr/share/texmf-texlive/tex/latex/psnfss/t1ptm.fd
File: t1ptm.fd 2001/06/04 font definitions for T1/ptm.
)
(/usr/share/texmf-texlive/tex/context/base/supp-pdf.mkii
[Loading MPS to PDF converter (version 2006.09.02).]
\scratchcounter=\count170
\scratchdimen=\dimen164
\scratchbox=\box39
\nofMPsegments=\count171
\nofMParguments=\count172
\everyMPshowfont=\toks37
\MPscratchCnt=\count173
\MPscratchDim=\dimen165
\MPnumerator=\count174
\everyMPtoPDFconversion=\toks38
)
LaTeX Info: Redefining \microtypecontext on input line 92.
Package microtype Info: Generating PDF output.
Package microtype Info: Character protrusion enabled (level 2).
Package microtype Info: Using default protrusion set `alltext'.
Package microtype Info: Automatic font expansion enabled (level 2),
(microtype)             stretch: 20, shrink: 20, step: 1, non-selected.
Package microtype Info: Using default expansion set `basictext'.
Package microtype Info: No tracking.
Package microtype Info: No adjustment of interword spacing.
Package microtype Info: No adjustment of character kerning.
 (/usr/share/texmf-texlive/tex/latex/microtype/mt-ptm.cfg
File: mt-ptm.cfg 2006/04/20 v1.7 microtype config. file: Times (RS)
)
Package hyperref Info: Link coloring ON on input line 92.

(/usr/share/texmf-texlive/tex/latex/hyperref/nameref.sty
Package: nameref 2007/05/29 v2.31 Cross-referencing by name of section

(/usr/share/texmf-texlive/tex/latex/oberdiek/refcount.sty
Package: refcount 2008/08/11 v3.1 Data extraction from references (HO)
)
\c@section@level=\count175
)
LaTeX Info: Redefining \ref on input line 92.
LaTeX Info: Redefining \pageref on input line 92.
 (./thesis.out)
(./thesis.out)
\@outlinefile=\write5
\openout5 = `thesis.out'.

\AtBeginShipoutBox=\box40

*geometry detected driver: pdftex*
-------------------- Geometry parameters
paper: a4paper
landscape: --
twocolumn: --
twoside: --
asymmetric: --
h-parts: 72.91019pt, 0.75\paperwidth , 72.9102pt
v-parts: 105.63086pt, 0.75\paperheight , 105.63086pt
hmarginratio: 1:1
vmarginratio: 1:1
lines: --
heightrounded: --
bindingoffset: 14.22636pt
truedimen: --
includehead: --
includefoot: --
includemp: --
driver: pdftex
-------------------- Page layout dimensions and switches
\paperwidth  597.50787pt
\paperheight 845.04684pt
\textwidth  437.46112pt
\textheight 633.78513pt
\oddsidemargin  14.86656pt
\evensidemargin 0.6402pt
\topmargin  1.48708pt
\headheight 14.5pt
\headsep    19.8738pt
\footskip   30.0pt
\marginparwidth 38.0pt
\marginparsep   7.0pt
\columnsep  10.0pt
\skip\footins  10.8pt plus 4.0pt minus 2.0pt
\hoffset 0.0pt
\voffset 0.0pt
\mag 1000

(1in=72.27pt, 1cm=28.45pt)
-----------------------
\c@lstlisting=\count176
Package caption Info: Begin \AtBeginDocument code.
Package caption Info: End \AtBeginDocument code.
Package siunitx Info: xfrac package unavailable
(siunitx)             using `fraction=sfrac' will fall back on
(siunitx)             nicefrac-like method on input line 92.
LaTeX Font Info:    Try loading font information for OT1+ztmcm on input line 92
.
(/usr/share/texmf-texlive/tex/latex/psnfss/ot1ztmcm.fd
File: ot1ztmcm.fd 2000/01/03 Fontinst v1.801 font definitions for OT1/ztmcm.
)
LaTeX Font Info:    Try loading font information for OML+ztmcm on input line 92
.

(/usr/share/texmf-texlive/tex/latex/psnfss/omlztmcm.fd
File: omlztmcm.fd 2000/01/03 Fontinst v1.801 font definitions for OML/ztmcm.
)
LaTeX Font Info:    Try loading font information for OMS+ztmcm on input line 92
.

(/usr/share/texmf-texlive/tex/latex/psnfss/omsztmcm.fd
File: omsztmcm.fd 2000/01/03 Fontinst v1.801 font definitions for OMS/ztmcm.
)
LaTeX Font Info:    Try loading font information for OMX+ztmcm on input line 92
.

(/usr/share/texmf-texlive/tex/latex/psnfss/omxztmcm.fd
File: omxztmcm.fd 2000/01/03 Fontinst v1.801 font definitions for OMX/ztmcm.
)
LaTeX Font Info:    Try loading font information for OT1+ptm on input line 92.

(/usr/share/texmf-texlive/tex/latex/psnfss/ot1ptm.fd
File: ot1ptm.fd 2001/06/04 font definitions for OT1/ptm.
)
LaTeX Font Info:    Font shape `OT1/ptm/bx/n' in size <12> not available
(Font)              Font shape `OT1/ptm/b/n' tried instead on input line 92.
LaTeX Font Info:    Font shape `OT1/ptm/bx/n' in size <9> not available
(Font)              Font shape `OT1/ptm/b/n' tried instead on input line 92.
LaTeX Font Info:    Font shape `OT1/ptm/bx/n' in size <7> not available
(Font)              Font shape `OT1/ptm/b/n' tried instead on input line 92.

(/usr/share/texmf-texlive/tex/latex/microtype/mt-msa.cfg
File: mt-msa.cfg 2006/02/04 v1.1 microtype config. file: AMS symbols (a) (RS)
)
(/usr/share/texmf-texlive/tex/latex/microtype/mt-msb.cfg
File: mt-msb.cfg 2005/06/01 v1.0 microtype config. file: AMS symbols (b) (RS)
)
\PHD@Title=\box41
LaTeX Font Info:    Font shape `T1/ptm/bx/n' in size <24.88> not available
(Font)              Font shape `T1/ptm/b/n' tried instead on input line 97.
\PHD@crest=\box42

<Figs/logo_unr.jpg, id=407, 473.77pt x 473.77pt>
File: Figs/logo_unr.jpg Graphic file (type jpg)
 <use Figs/logo_unr.jpg>
\PHD@author=\box43
LaTeX Font Info:    Font shape `T1/ptm/bx/n' in size <17.28> not available
(Font)              Font shape `T1/ptm/b/n' tried instead on input line 97.
\PHD@dept=\box44
\PHD@submission=\box45
\PHD@collegedate=\box46
\PHD@titlepagespacing=\skip73
File: Figs/logo_unr.jpg Graphic file (type jpg)

<use Figs/logo_unr.jpg>
LaTeX Font Info:    Font shape `T1/ptm/bx/n' in size <12> not available
(Font)              Font shape `T1/ptm/b/n' tried instead on input line 97.
 [0


{/var/lib/texmf/fonts/map/pdftex/updmap/pdftex.map} <./Figs/logo_unr.jpg>]
\openout2 = `Declaration/declaration.aux'.

 (./Declaration/declaration.tex) [2



]
\openout2 = `Divulgacion/divulgacion.aux'.


(./Divulgacion/divulgacion.tex
LaTeX Font Info:    Try loading font information for TS1+ptm on input line 6.

(/usr/share/texmf-texlive/tex/latex/psnfss/ts1ptm.fd
File: ts1ptm.fd 2001/06/04 font definitions for TS1/ptm.
)
Overfull \hbox (2.04443pt too wide) in paragraph at lines 7--8
\T1/ptm/m/n/12 (-20) C, Palat-nik JF. Nu-cleic Acids Res. 2012 Oct;40(18):8893-
904. doi: 10.1093/nar/gks625.
 []


Overfull \hbox (20.37799pt too wide) in paragraph at lines 9--10
[]$[]$\T1/ptm/m/n/12 (-20) , Palat-nik JF. Bioin-for-mat-ics. 2014 Jul 15;30(14
):2066-7. doi: 10.1093/bioin-
 []

) [3


]
\openout2 = `Acknowledgement/acknowledgement.aux'.

 (./Acknowledgement/acknowledgement.tex) [4



] (./thesis.toc [5



]

Package Fancyhdr Warning: \headheight is too small (14.5pt): 
 Make it at least 15.13202pt.
 We now make it that large for the rest of the document.
 This may cause the page layout to be inconsistent, however.

[6]

Package Fancyhdr Warning: \headheight is too small (14.5pt): 
 Make it at least 15.13202pt.
 We now make it that large for the rest of the document.
 This may cause the page layout to be inconsistent, however.

[7]

Package Fancyhdr Warning: \headheight is too small (14.5pt): 
 Make it at least 15.13202pt.
 We now make it that large for the rest of the document.
 This may cause the page layout to be inconsistent, however.

[8])
\tf@toc=\write6
\openout6 = `thesis.toc'.



Package Fancyhdr Warning: \headheight is too small (14.5pt): 
 Make it at least 15.13202pt.
 We now make it that large for the rest of the document.
 This may cause the page layout to be inconsistent, however.

[9] (./thesis.lof [10

]

Package Fancyhdr Warning: \headheight is too small (14.5pt): 
 Make it at least 15.13202pt.
 We now make it that large for the rest of the document.
 This may cause the page layout to be inconsistent, however.

[11])
\tf@lof=\write7
\openout7 = `thesis.lof'.



Package Fancyhdr Warning: \headheight is too small (14.5pt): 
 Make it at least 15.13202pt.
 We now make it that large for the rest of the document.
 This may cause the page layout to be inconsistent, however.

[12] (./thesis.lot)
\tf@lot=\write8
\openout8 = `thesis.lot'.

 (./thesis.nls [13

] [14

]) [15]
\openout2 = `Abstract/abstract.aux'.

 (./Abstract/abstract.tex
[16


]) [17]
\openout2 = `Abreviaturas/abreviaturas.aux'.

 (./Abreviaturas/abreviaturas.tex)
\openout2 = `Introduccion/introduccion.aux'.

 (./Introduccion/introduccion.tex
LaTeX Font Info:    Font shape `T1/ptm/bx/n' in size <14.4> not available
(Font)              Font shape `T1/ptm/b/n' tried instead on input line 10.

[1






] [2]
<Introduccion/Figs/familias_miRNAs_conservados.png, id=772, 449.5194pt x 178.74
78pt>
File: Introduccion/Figs/familias_miRNAs_conservados.png Graphic file (type png)

 <use Introduccion/Figs/familias_miRNAs_conservados.png>
LaTeX Font Info:    Font shape `T1/ptm/bx/n' in size <10> not available
(Font)              Font shape `T1/ptm/b/n' tried instead on input line 73.
 [3 <./Introduccion/Figs/familias_miRNAs_conservados.png>] [4]
<Introduccion/Figs/procesamiento_animales.png, id=838, 318.27708pt x 459.6372pt
>
File: Introduccion/Figs/procesamiento_animales.png Graphic file (type png)
 <use Introduccion/Figs/procesamiento_animales.png> [5] [6 <./Introduccion/Figs
/procesamiento_animales.png>]
<Introduccion/Figs/biogenesis_accion.png, id=884, 426.10393pt x 559.94797pt>
File: Introduccion/Figs/biogenesis_accion.png Graphic file (type png)

<use Introduccion/Figs/biogenesis_accion.png>

LaTeX Warning: Float too large for page by 13.60327pt on input line 162.


<Introduccion/Figs/distribucion_precursores.png, id=886, 341.5962pt x 213.4374p
t>
File: Introduccion/Figs/distribucion_precursores.png Graphic file (type png)
 <use Introduccion/Figs/distribucion_precursores.png> [7] [8 <./Introduccion/Fi
gs/biogenesis_accion.png>]
<Introduccion/Figs/ss_precursores.png, id=918, 477.9456pt x 240.9pt>
File: Introduccion/Figs/ss_precursores.png Graphic file (type png)

<use Introduccion/Figs/ss_precursores.png> [9 <./Introduccion/Figs/distribucion
_precursores.png>] [10 <./Introduccion/Figs/ss_precursores.png>] [11] [12]
<Introduccion/Figs/interaccion_miRNA_target.png, id=1029, 1597.167pt x 487.0998
pt>
File: Introduccion/Figs/interaccion_miRNA_target.png Graphic file (type png)
 <use Introduccion/Figs/interaccion_miRNA_target.png> [13 <./Introduccion/Figs/
interaccion_miRNA_target.png>] [14]
LaTeX Font Info:    Font shape `OT1/ptm/bx/n' in size <10> not available
(Font)              Font shape `OT1/ptm/b/n' tried instead on input line 327.
LaTeX Font Info:    Font shape `OT1/ptm/bx/n' in size <7.4> not available
(Font)              Font shape `OT1/ptm/b/n' tried instead on input line 327.
LaTeX Font Info:    Font shape `OT1/ptm/bx/n' in size <6> not available
(Font)              Font shape `OT1/ptm/b/n' tried instead on input line 327.
 [15]
Overfull \hbox (1.27475pt too wide) in paragraph at lines 352--354
\T1/ptm/m/n/12 (-20) blanco de to-dos los ARN pe-queos obtenidos de tc-ni-cas
 de se-cuen-ciacin de alto rendimiento.
 []

) [16]
\openout2 = `Objetivos/objetivos.aux'.

 (./Objetivos/objetivos.tex [17



]) [18]
\openout2 = `Materials/materials1.aux'.

 (./Materials/materials1.tex
[19



] [20] [21] [22] [23]
LaTeX Font Info:    Font shape `OT1/ptm/bx/n' in size <10.95> not available
(Font)              Font shape `OT1/ptm/b/n' tried instead on input line 134.
LaTeX Font Info:    Font shape `OT1/ptm/bx/n' in size <8> not available
(Font)              Font shape `OT1/ptm/b/n' tried instead on input line 134.
LaTeX Font Info:    Font shape `OT1/ptm/bx/n' in size <5> not available
(Font)              Font shape `OT1/ptm/b/n' tried instead on input line 156.
LaTeX Font Info:    Font shape `T1/ptm/bx/n' in size <6> not available
(Font)              Font shape `T1/ptm/b/n' tried instead on input line 158.
 [24]
<Materials/Figs/identificacion_producto.png, id=1162, 222.01344pt x 320.30064pt
>
File: Materials/Figs/identificacion_producto.png Graphic file (type png)
 <use Materials/Figs/identificacion_producto.png> [25 <./Materials/Figs/identif
icacion_producto.png>] [26] [27]

Package Fancyhdr Warning: \headheight is too small (14.5pt): 
 Make it at least 26.98592pt.
 We now make it that large for the rest of the document.
 This may cause the page layout to be inconsistent, however.

[28] <Materials/Figs/comTAR_fig1.png, id=1218, 858.5676pt x 232.7094pt>
File: Materials/Figs/comTAR_fig1.png Graphic file (type png)

<use Materials/Figs/comTAR_fig1.png>
<Materials/Figs/SPARE_construccion.png, id=1220, 1024.3068pt x 766.5438pt>
File: Materials/Figs/SPARE_construccion.png Graphic file (type png)

<use Materials/Figs/SPARE_construccion.png>

Package Fancyhdr Warning: \headheight is too small (14.5pt): 
 Make it at least 26.98592pt.
 We now make it that large for the rest of the document.
 This may cause the page layout to be inconsistent, however.

[29] [30 <./Materials/Figs/comTAR_fig1.png> <./Materials/Figs/SPARE_construccio
n.png>] [31] [32] [33] [34] [35]
<Materials/Figs/PARE_tecnica.png, id=1289, 741.972pt x 1127.8938pt>
File: Materials/Figs/PARE_tecnica.png Graphic file (type png)

<use Materials/Figs/PARE_tecnica.png>
<Materials/Figs/sRNA_tecnica.png, id=1291, 929.3922pt x 874.9488pt>
File: Materials/Figs/sRNA_tecnica.png Graphic file (type png)

<use Materials/Figs/sRNA_tecnica.png> [36] [37 <./Materials/Figs/PARE_tecnica.p
ng>] [38 <./Materials/Figs/sRNA_tecnica.png>]
<Materials/Figs/treePhytozome.png, id=1315, 551.05875pt x 529.37775pt>
File: Materials/Figs/treePhytozome.png Graphic file (type png)

<use Materials/Figs/treePhytozome.png>
(/usr/share/texmf-texlive/tex/latex/listings/lstlang1.sty
File: lstlang1.sty 2004/09/05 1.3 listings language file
)
(/usr/share/texmf-texlive/tex/latex/listings/lstlang1.sty
File: lstlang1.sty 2004/09/05 1.3 listings language file
)

Package Fancyhdr Warning: \headheight is too small (14.5pt): 
 Make it at least 26.98592pt.
 We now make it that large for the rest of the document.
 This may cause the page layout to be inconsistent, however.

[39]

Package Fancyhdr Warning: \headheight is too small (14.5pt): 
 Make it at least 26.98592pt.
 We now make it that large for the rest of the document.
 This may cause the page layout to be inconsistent, however.

[40 <./Materials/Figs/treePhytozome.png>])

Package Fancyhdr Warning: \headheight is too small (14.5pt): 
 Make it at least 26.98592pt.
 We now make it that large for the rest of the document.
 This may cause the page layout to be inconsistent, however.

[41] [42]
\openout2 = `Chapter1/chapter1.aux'.

 (./Chapter1/chapter1.tex [43



]
<Chapter1/Figs/variabilidad_maduro.png, id=1379, 450.483pt x 512.1534pt>
File: Chapter1/Figs/variabilidad_maduro.png Graphic file (type png)

<use Chapter1/Figs/variabilidad_maduro.png>
Overfull \hbox (2.52544pt too wide) in paragraph at lines 62--62
 |[]\T1/ptm/b/n/14.4 Seleccin de se-cuen-cias de mi-ARNs pre-sentes en dis-tin
-tas es-pecies| 
 []

[44] [45 <./Chapter1/Figs/variabilidad_maduro.png>] [46] [47]
<Chapter1/Figs/NAR_fig1.png, id=1417, 361.35pt x 543.4704pt>
File: Chapter1/Figs/NAR_fig1.png Graphic file (type png)

<use Chapter1/Figs/NAR_fig1.png> [48 <./Chapter1/Figs/NAR_fig1.png>] [49]
<Chapter1/Figs/NAR_fig2.png, id=1446, 432.1746pt x 579.1236pt>
File: Chapter1/Figs/NAR_fig2.png Graphic file (type png)

<use Chapter1/Figs/NAR_fig2.png>
<Chapter1/Figs/NAR_fig3.png, id=1447, 292.9344pt x 494.8086pt>
File: Chapter1/Figs/NAR_fig3.png Graphic file (type png)

<use Chapter1/Figs/NAR_fig3.png> [50] [51 <./Chapter1/Figs/NAR_fig2.png>]
[52 <./Chapter1/Figs/NAR_fig3.png>]

LaTeX Warning: No positions in optional float specifier.
               Default added (so using `tbp') on input line 220.

LaTeX Font Info:    Font shape `T1/ptm/bx/n' in size <8> not available
(Font)              Font shape `T1/ptm/b/n' tried instead on input line 226.
[53]
LaTeX Font Info:    Font shape `T1/ptm/bx/it' in size <14.4> not available
(Font)              Font shape `T1/ptm/b/it' tried instead on input line 264.
 [54


] <Chapter1/Figs/NAR_fig4.png, id=1497, 420.6114pt x 707.5233pt>
File: Chapter1/Figs/NAR_fig4.png Graphic file (type png)

<use Chapter1/Figs/NAR_fig4.png>
LaTeX Font Info:    Font shape `T1/ptm/bx/it' in size <10> not available
(Font)              Font shape `T1/ptm/b/it' tried instead on input line 322.
 [55]
<Chapter1/Figs/NAR_fig5.png, id=1515, 450.9648pt x 393.6306pt>
File: Chapter1/Figs/NAR_fig5.png Graphic file (type png)

<use Chapter1/Figs/NAR_fig5.png> [56] [57 <./Chapter1/Figs/NAR_fig4.png>]
[58 <./Chapter1/Figs/NAR_fig5.png>]
Overfull \hbox (2.60562pt too wide) in paragraph at lines 369--375
\T1/ptm/m/n/12 (-20) 35S:miR398 (A.F. Lodeyro, N. Car-rillo y J.F. Palat-nik re
-sul-ta-dos no pub-li-ca-dos) y chequeamos
 []

<Chapter1/Figs/NAR_fig6.png, id=1538, 453.3738pt x 590.6868pt>
File: Chapter1/Figs/NAR_fig6.png Graphic file (type png)

<use Chapter1/Figs/NAR_fig6.png> [59] [60 <./Chapter1/Figs/NAR_fig6.png>]
<Chapter1/Figs/comTAR_find_targets.png, id=1552, 1146.2825pt x 767.86874pt>
File: Chapter1/Figs/comTAR_find_targets.png Graphic file (type png)

<use Chapter1/Figs/comTAR_find_targets.png>
<Chapter1/Figs/comTAR_fig2.png, id=1553, 1619.04875pt x 914.41624pt>
File: Chapter1/Figs/comTAR_fig2.png Graphic file (type png)

<use Chapter1/Figs/comTAR_fig2.png> [61] [62 <./Chapter1/Figs/comTAR_find_targe
ts.png (PNG copy)> <./Chapter1/Figs/comTAR_fig2.png (PNG copy)>] [63]) [64]
\openout2 = `Chapter2/chapter2.aux'.


(./Chapter2/chapter2.tex
<Chapter2/Figs/hairpin_distribution.png, id=1618, 332.9238pt x 280.8894pt>
File: Chapter2/Figs/hairpin_distribution.png Graphic file (type png)

<use Chapter2/Figs/hairpin_distribution.png> [65



]
<Chapter2/Figs/GR_fig1C.png, id=1634, 103.587pt x 178.266pt>
File: Chapter2/Figs/GR_fig1C.png Graphic file (type png)

<use Chapter2/Figs/GR_fig1C.png>
<Chapter2/Figs/SPARE_tecnica.png, id=1636, 1168.8468pt x 480.8364pt>
File: Chapter2/Figs/SPARE_tecnica.png Graphic file (type png)

<use Chapter2/Figs/SPARE_tecnica.png> [66 <./Chapter2/Figs/hairpin_distribution
.png>] [67 <./Chapter2/Figs/GR_fig1C.png> <./Chapter2/Figs/SPARE_tecnica.png>]
<Chapter2/Figs/GR_fig2A.png, id=1650, 434.5836pt x 218.7372pt>
File: Chapter2/Figs/GR_fig2A.png Graphic file (type png)

<use Chapter2/Figs/GR_fig2A.png>
<Chapter2/Figs/GR_fig4A.png, id=1652, 408.5664pt x 242.8272pt>
File: Chapter2/Figs/GR_fig4A.png Graphic file (type png)

<use Chapter2/Figs/GR_fig4A.png> [68 <./Chapter2/Figs/GR_fig2A.png>] [69 <./Cha
pter2/Figs/GR_fig4A.png>] [70] [71]
<Chapter2/Figs/miR165a_SPARE.png, id=1679, 780.80653pt x 411.83005pt>
File: Chapter2/Figs/miR165a_SPARE.png Graphic file (type png)

<use Chapter2/Figs/miR165a_SPARE.png> [72

 <./Chapter2/Figs/miR165a_SPARE.png>]
[73

] <Chapter2/Figs/miR159b_SPARE.png, id=1692, 780.80653pt x 365.708pt>
File: Chapter2/Figs/miR159b_SPARE.png Graphic file (type png)

<use Chapter2/Figs/miR159b_SPARE.png> [74

 <./Chapter2/Figs/miR159b_SPARE.png>]
<Chapter2/Figs/GR_fig2C.png, id=1707, 433.62pt x 105.0324pt>
File: Chapter2/Figs/GR_fig2C.png Graphic file (type png)

<use Chapter2/Figs/GR_fig2C.png> [75

 <./Chapter2/Figs/GR_fig2C.png>]
<Chapter2/Figs/GR_fig4C.png, id=1717, 431.211pt x 109.3686pt>
File: Chapter2/Figs/GR_fig4C.png Graphic file (type png)

<use Chapter2/Figs/GR_fig4C.png> [76 <./Chapter2/Figs/GR_fig4C.png>]
<Chapter2/Figs/mecanismos.png, id=1733, 608.5134pt x 309.89375pt>
File: Chapter2/Figs/mecanismos.png Graphic file (type png)

<use Chapter2/Figs/mecanismos.png>) [77] [78 <./Chapter2/Figs/mecanismos.png>]
\openout2 = `Chapter3/chapter3.aux'.


(./Chapter3/chapter3.tex [79



] [80]
<Chapter3/Figs/dicots_species.png, id=1764, 324.7332pt x 279.9258pt>
File: Chapter3/Figs/dicots_species.png Graphic file (type png)

<use Chapter3/Figs/dicots_species.png> [81 <./Chapter3/Figs/dicots_species.png>
] [82] <Chapter3/Figs/miR172a_tcoffee.png, id=1785, 732.8178pt x 419.166pt>
File: Chapter3/Figs/miR172a_tcoffee.png Graphic file (type png)

<use Chapter3/Figs/miR172a_tcoffee.png> [83

 <./Chapter3/Figs/miR172a_tcoffee.png>] <Chapter3/Figs/miR172a_rnafold.png, id=
1791, 814.84425pt x 582.4962pt>
File: Chapter3/Figs/miR172a_rnafold.png Graphic file (type png)

<use Chapter3/Figs/miR172a_rnafold.png>

LaTeX Warning: Float too large for page by 46.361pt on input line 118.

[84 <./Chapter3/Figs/miR172a_rnafold.png>]
<Chapter3/Figs/miR172a_circos.png, id=1799, 2136.3012pt x 1998.9882pt>
File: Chapter3/Figs/miR172a_circos.png Graphic file (type png)

<use Chapter3/Figs/miR172a_circos.png> [85



] [86 <./Chapter3/Figs/miR172a_circos.png>] <Chapter3/Figs/miR390a_circos.png, 
id=1817, 2068.3674pt x 1997.5428pt>
File: Chapter3/Figs/miR390a_circos.png Graphic file (type png)

<use Chapter3/Figs/miR390a_circos.png> [87] [88 <./Chapter3/Figs/miR390a_circos
.png>] <Chapter3/Figs/miR169b_circos.png, id=1831, 2059.695pt x 2013.4422pt>
File: Chapter3/Figs/miR169b_circos.png Graphic file (type png)

<use Chapter3/Figs/miR169b_circos.png>
<Chapter3/Figs/miR394b_circos.png, id=1832, 2053.9134pt x 2014.8876pt>
File: Chapter3/Figs/miR394b_circos.png Graphic file (type png)

<use Chapter3/Figs/miR394b_circos.png>
Overfull \hbox (22.40656pt too wide) in paragraph at lines 196--212
 []$[]$$[]$ 
 []

[89 <./Chapter3/Figs/miR169b_circos.png> <./Chapter3/Figs/miR394b_circos.png>]
[90


] <Chapter3/Figs/miR157a_circos.png, id=1854, 2129.0742pt x 1997.5428pt>
File: Chapter3/Figs/miR157a_circos.png Graphic file (type png)

<use Chapter3/Figs/miR157a_circos.png>
<Chapter3/Figs/miR160a_circos.png, id=1855, 2094.3846pt x 1997.5428pt>
File: Chapter3/Figs/miR160a_circos.png Graphic file (type png)

<use Chapter3/Figs/miR160a_circos.png>
Overfull \hbox (22.40656pt too wide) in paragraph at lines 243--258
 []$[]$$[]$ 
 []

[91 <./Chapter3/Figs/miR157a_circos.png> <./Chapter3/Figs/miR160a_circos.png>]
<Chapter3/Figs/miR319a_circos.png, id=1862, 2269.278pt x 2022.1146pt>
File: Chapter3/Figs/miR319a_circos.png Graphic file (type png)

<use Chapter3/Figs/miR319a_circos.png>
<Chapter3/Figs/miR159b_circos.png, id=1863, 2275.0596pt x 2027.8962pt>
File: Chapter3/Figs/miR159b_circos.png Graphic file (type png)

<use Chapter3/Figs/miR159b_circos.png>
Overfull \hbox (22.40656pt too wide) in paragraph at lines 268--284
 []$[]$$[]$ 
 []

[92 <./Chapter3/Figs/miR319a_circos.png> <./Chapter3/Figs/miR159b_circos.png>]
[93




] <Chapter3/Figs/miR172_meme.png, id=1878, 1131.2664pt x 632.6034pt>
File: Chapter3/Figs/miR172_meme.png Graphic file (type png)

<use Chapter3/Figs/miR172_meme.png> [94

 <./Chapter3/Figs/miR172_meme.png>]
Overfull \hbox (23.06152pt too wide) in paragraph at lines 320--320
 |[]\T1/ptm/b/n/14.4 Procesamiento mixto de miem-bros de la fa-milia del miR170
/miR171| 
 []

[95

] <Chapter3/Figs/miR171c_circos.png, id=1894, 2105.9478pt x 1996.0974pt>
File: Chapter3/Figs/miR171c_circos.png Graphic file (type png)

<use Chapter3/Figs/miR171c_circos.png>
<Chapter3/Figs/miR171a_circos.png, id=1895, 2123.2926pt x 1994.652pt>
File: Chapter3/Figs/miR171a_circos.png Graphic file (type png)

<use Chapter3/Figs/miR171a_circos.png> [96 <./Chapter3/Figs/miR171c_circos.png>
 <./Chapter3/Figs/miR171a_circos.png>]
<Chapter3/Figs/miR164_base_pairing.png, id=1904, 837.8502pt x 394.1124pt>
File: Chapter3/Figs/miR164_base_pairing.png Graphic file (type png)

<use Chapter3/Figs/miR164_base_pairing.png>
<Chapter3/Figs/miR164_ss.png, id=1906, 725.109pt x 1170.2922pt>
File: Chapter3/Figs/miR164_ss.png Graphic file (type png)

<use Chapter3/Figs/miR164_ss.png> [97


 <./Chapter3/Figs/miR164_base_pairing.png>] <Chapter3/Figs/miR164a_circos.png, 
id=1915, 3494.9772pt x 1997.5428pt>
File: Chapter3/Figs/miR164a_circos.png Graphic file (type png)

<use Chapter3/Figs/miR164a_circos.png>
<Chapter3/Figs/miR394b_base_pairing.png, id=1919, 833.9958pt x 324.2514pt>
File: Chapter3/Figs/miR394b_base_pairing.png Graphic file (type png)

<use Chapter3/Figs/miR394b_base_pairing.png> [98 <./Chapter3/Figs/miR164_ss.png
>] [99 <./Chapter3/Figs/miR164a_circos.png> <./Chapter3/Figs/miR394b_base_pairi
ng.png>]
<Chapter3/Figs/miR394b_circos_aliniamientos.png, id=1934, 3844.764pt x 2022.114
6pt>
File: Chapter3/Figs/miR394b_circos_aliniamientos.png Graphic file (type png)
 <use Chapter3/Figs/miR394b_circos_aliniamientos.png> [100 <./Chapter3/Figs/miR
394b_circos_aliniamientos.png>]
<Chapter3/Figs/circos_monocots_miR396e.png, id=1949, 2286.6228pt x 2013.4422pt>
File: Chapter3/Figs/circos_monocots_miR396e.png Graphic file (type png)
<use Chapter3/Figs/circos_monocots_miR396e.png>
Overfull \hbox (2.0227pt too wide) in paragraph at lines 486--486
 |[]\T1/ptm/b/n/14.4 Estrategia bioin-for-mtica para es-tu-diar pre-cur-sores 
de mi-ARNs
 []

[101] [102 <./Chapter3/Figs/circos_monocots_miR396e.png>]
LaTeX Font Info:    Font shape `T1/ptm/bx/n' in size <10.95> not available
(Font)              Font shape `T1/ptm/b/n' tried instead on input line 510.

<Chapter3/Figs/hsa-let-7a-1_circos.png, id=1969, 2084.2668pt x 1996.0974pt>
File: Chapter3/Figs/hsa-let-7a-1_circos.png Graphic file (type png)

<use Chapter3/Figs/hsa-let-7a-1_circos.png>
<Chapter3/Figs/loop_size.png, id=1972, 348.8232pt x 330.5148pt>
File: Chapter3/Figs/loop_size.png Graphic file (type png)

<use Chapter3/Figs/loop_size.png> [103] [104 <./Chapter3/Figs/hsa-let-7a-1_circ
os.png>] [105 <./Chapter3/Figs/loop_size.png>]
<Chapter3/Figs/animals_vs_plants_circos.png, id=1991, 6571.752pt x 2235.552pt>
File: Chapter3/Figs/animals_vs_plants_circos.png Graphic file (type png)

<use Chapter3/Figs/animals_vs_plants_circos.png> [106

 <./Chapter3/Figs/animals_vs_plants_circos.png>]) [107

]
\openout2 = `Chapter4/chapter4.aux'.

 (./Chapter4/chapter4.tex [108



]
<Chapter4/Figs/distribucion_lecturas_totales.png, id=2007, 976.1268pt x 230.782
2pt>
File: Chapter4/Figs/distribucion_lecturas_totales.png Graphic file (type png)
 <use Chapter4/Figs/distribucion_lecturas_totales.png> [109 <./Chapter4/Figs/di
stribucion_lecturas_totales.png>]
<Chapter4/Figs/cantidad_lecturas.png, id=2015, 560.8152pt x 217.2918pt>
File: Chapter4/Figs/cantidad_lecturas.png Graphic file (type png)

<use Chapter4/Figs/cantidad_lecturas.png>
LaTeX Font Info:    Font shape `T1/ptm/bx/it' in size <12> not available
(Font)              Font shape `T1/ptm/b/it' tried instead on input line 95.

<Chapter4/Figs/distribucion_sRNA.png, id=2019, 442.2924pt x 240.9pt>
File: Chapter4/Figs/distribucion_sRNA.png Graphic file (type png)

<use Chapter4/Figs/distribucion_sRNA.png> [110 <./Chapter4/Figs/cantidad_lectur
as.png>]
<Chapter4/Figs/venn_sRNA_abundantes.png, id=2027, 283.7802pt x 289.5618pt>
File: Chapter4/Figs/venn_sRNA_abundantes.png Graphic file (type png)

<use Chapter4/Figs/venn_sRNA_abundantes.png>
Overfull \hbox (7.63782pt too wide) in paragraph at lines 132--132
 |[]\T1/ptm/b/n/14.4 Pipeline au-tom-a-ti-zado para el anli-sis genmico de AR
N pe-queos
 []

[111 <./Chapter4/Figs/distribucion_sRNA.png>]
<Chapter4/Figs/sRNA_strategy.png, id=2037, 278.4804pt x 393.6306pt>
File: Chapter4/Figs/sRNA_strategy.png Graphic file (type png)

<use Chapter4/Figs/sRNA_strategy.png> [112 <./Chapter4/Figs/venn_sRNA_abundante
s.png>] <Chapter4/Figs/sRNA_results.png, id=2045, 531.9072pt x 381.1038pt>
File: Chapter4/Figs/sRNA_results.png Graphic file (type png)

<use Chapter4/Figs/sRNA_results.png>) [113 <./Chapter4/Figs/sRNA_strategy.png> 
<./Chapter4/Figs/sRNA_results.png>] [114]
\openout2 = `Conclusiones/conclusiones.aux'.

 (./Conclusiones/conclusiones.tex
Overfull \hbox (15.74504pt too wide) in paragraph at lines 12--12
 |[]\T1/ptm/b/n/14.4 Aplicaciones bioin-for-mti-cas para el es-tu-dio de in-te
r-ac-ciones miARN-
 []

[115



]) [116] (./thesis.bbl [117


] [118] [119] [120] [121] [122] [123] [124]
[125] [126] [127])
No file thesis.ind.
[128]
\openout2 = `Appendix/appendix.aux'.

 (./Appendix/appendix.tex
Package hyperref Info: bookmark level for unknown lstlisting defaults to 0 on i
nput line 22.
 (./scripts/circos.conf
Overfull \hbox (5.34338pt too wide) in paragraph at lines 20--21
[][][][][][][][][][][][][][][][][][][][][][][][][][][][][][][][][][][][][][][][
][][][][][][][][][][][][][][][][][][][][][][][] 
 []

[129


]) (./scripts/histogram.conf) (./scripts/links.conf [130]) [131] [132]
[133]

LaTeX Warning: No positions in optional float specifier.
               Default added (so using `tbp') on input line 179.

[134]

LaTeX Warning: No positions in optional float specifier.
               Default added (so using `tbp') on input line 251.

[135]) (./thesis.aux (./Declaration/declaration.aux)
(./Divulgacion/divulgacion.aux) (./Acknowledgement/acknowledgement.aux)
(./Abstract/abstract.aux) (./Abreviaturas/abreviaturas.aux)
(./Introduccion/introduccion.aux) (./Objetivos/objetivos.aux)
(./Materials/materials1.aux) (./Chapter1/chapter1.aux) (./Chapter2/chapter2.aux
) (./Chapter3/chapter3.aux) (./Chapter4/chapter4.aux)
(./Conclusiones/conclusiones.aux) (./Appendix/appendix.aux))

LaTeX Warning: There were multiply-defined labels.

 ) 
Here is how much of TeX's memory you used:
 18903 strings out of 493848
 280191 string characters out of 1152824
 487796 words of memory out of 3000000
 20484 multiletter control sequences out of 15000+50000
 140871 words of font info for 439 fonts, out of 3000000 for 9000
 714 hyphenation exceptions out of 8191
 51i,16n,101p,939b,1836s stack positions out of 5000i,500n,10000p,200000b,50000s
{/usr/share/texmf-texlive/fonts/enc/dvips/base/8r.enc}</usr/share/texmf-texli
ve/fonts/type1/public/amsfonts/cm/cmmi10.pfb></usr/share/texmf-texlive/fonts/ty
pe1/public/amsfonts/cm/cmr10.pfb></usr/share/texmf-texlive/fonts/type1/public/a
msfonts/cm/cmsy10.pfb></usr/share/texmf-texlive/fonts/type1/urw/symbol/usyr.pfb
></usr/share/texmf-texlive/fonts/type1/urw/symbol/usyr.pfb></usr/share/texmf-te
xlive/fonts/type1/urw/times/utmb8a.pfb></usr/share/texmf-texlive/fonts/type1/ur
w/times/utmbi8a.pfb></usr/share/texmf-texlive/fonts/type1/urw/times/utmr8a.pfb>
</usr/share/texmf-texlive/fonts/type1/urw/times/utmri8a.pfb>
Output written on thesis.pdf (152 pages, 18433068 bytes).
PDF statistics:
 2486 PDF objects out of 2487 (max. 8388607)
 698 named destinations out of 1000 (max. 500000)
 73306 words of extra memory for PDF output out of 74296 (max. 10000000)

